mode: set
github.com/nmarsollier/authgo/graph/tools/auth.go:14.50,16.16 2 0
github.com/nmarsollier/authgo/graph/tools/auth.go:16.16,18.3 1 0
github.com/nmarsollier/authgo/graph/tools/auth.go:19.2,19.12 1 0
github.com/nmarsollier/authgo/graph/tools/auth.go:21.47,23.16 2 0
github.com/nmarsollier/authgo/graph/tools/auth.go:23.16,25.3 1 0
github.com/nmarsollier/authgo/graph/tools/auth.go:27.2,28.56 2 0
github.com/nmarsollier/authgo/graph/tools/auth.go:28.56,31.3 2 0
github.com/nmarsollier/authgo/graph/tools/auth.go:33.2,33.12 1 0
github.com/nmarsollier/authgo/graph/tools/auth.go:37.61,41.16 3 0
github.com/nmarsollier/authgo/graph/tools/auth.go:41.16,43.3 1 0
github.com/nmarsollier/authgo/graph/tools/auth.go:45.2,46.16 2 0
github.com/nmarsollier/authgo/graph/tools/auth.go:46.16,49.3 2 0
github.com/nmarsollier/authgo/graph/tools/auth.go:51.2,51.21 1 0
github.com/nmarsollier/authgo/graph/tools/auth.go:55.55,59.65 3 0
github.com/nmarsollier/authgo/graph/tools/auth.go:59.65,61.3 1 0
github.com/nmarsollier/authgo/graph/tools/auth.go:61.8,63.3 1 0
github.com/nmarsollier/authgo/graph/tools/auth.go:65.2,65.25 1 0
github.com/nmarsollier/authgo/graph/tools/context.go:7.46,14.2 3 0
github.com/nmarsollier/authgo/graph/tools/logger.go:11.73,19.2 2 0
github.com/nmarsollier/authgo/graph/tools/logger.go:21.53,25.12 3 0
github.com/nmarsollier/authgo/graph/tools/logger.go:25.12,27.3 1 0
github.com/nmarsollier/authgo/graph/tools/logger.go:28.2,28.33 1 0
github.com/nmarsollier/authgo/graph/tools/logger.go:31.51,35.21 3 0
github.com/nmarsollier/authgo/graph/tools/logger.go:35.21,37.3 1 0
github.com/nmarsollier/authgo/graph/tools/logger.go:39.2,39.14 1 0
