mode: set
github.com/nmarsollier/authgo/engine/db/database.go:14.49,15.21 1 0
github.com/nmarsollier/authgo/engine/db/database.go:15.21,19.17 3 0
github.com/nmarsollier/authgo/engine/db/database.go:19.17,21.4 1 0
github.com/nmarsollier/authgo/engine/db/database.go:23.3,23.37 1 0
github.com/nmarsollier/authgo/engine/db/database.go:25.2,25.22 1 0
github.com/nmarsollier/authgo/engine/db/errors.go:9.40,10.47 1 0
github.com/nmarsollier/authgo/engine/db/errors.go:10.47,12.3 1 0
github.com/nmarsollier/authgo/engine/db/errors.go:16.41,17.48 1 0
github.com/nmarsollier/authgo/engine/db/errors.go:17.48,18.46 1 0
github.com/nmarsollier/authgo/engine/db/errors.go:18.46,19.41 1 0
github.com/nmarsollier/authgo/engine/db/errors.go:19.41,21.5 1 0
github.com/nmarsollier/authgo/engine/db/errors.go:24.2,24.14 1 0
github.com/nmarsollier/authgo/engine/db/mongo_collection.go:19.71,23.2 1 0
github.com/nmarsollier/authgo/engine/db/mongo_collection.go:29.97,30.85 1 0
github.com/nmarsollier/authgo/engine/db/mongo_collection.go:30.85,32.3 1 0
github.com/nmarsollier/authgo/engine/db/mongo_collection.go:33.2,33.12 1 0
github.com/nmarsollier/authgo/engine/db/mongo_collection.go:36.110,38.16 2 0
github.com/nmarsollier/authgo/engine/db/mongo_collection.go:38.16,40.3 1 0
github.com/nmarsollier/authgo/engine/db/mongo_collection.go:41.2,41.35 1 0
github.com/nmarsollier/authgo/engine/db/mongo_collection.go:44.128,46.16 2 0
github.com/nmarsollier/authgo/engine/db/mongo_collection.go:46.16,48.3 1 0
github.com/nmarsollier/authgo/engine/db/mongo_collection.go:49.2,49.38 1 0
github.com/nmarsollier/authgo/engine/db/mongo_collection.go:52.97,54.16 2 0
github.com/nmarsollier/authgo/engine/db/mongo_collection.go:54.16,56.3 1 0
github.com/nmarsollier/authgo/engine/db/mongo_collection.go:57.2,57.36 1 0
github.com/nmarsollier/authgo/engine/db/mongo_collection.go:66.50,70.2 1 0
github.com/nmarsollier/authgo/engine/db/mongo_collection.go:76.56,78.2 1 0
github.com/nmarsollier/authgo/engine/db/mongo_collection.go:80.54,82.2 1 0
github.com/nmarsollier/authgo/engine/db/mongo_collection.go:83.53,85.2 1 0
