mode: set
github.com/nmarsollier/authgo/internal/di/injector.go:54.48,58.2 1 0
github.com/nmarsollier/authgo/internal/di/injector.go:60.43,61.27 1 0
github.com/nmarsollier/authgo/internal/di/injector.go:61.27,63.3 1 0
github.com/nmarsollier/authgo/internal/di/injector.go:65.2,65.21 1 0
github.com/nmarsollier/authgo/internal/di/injector.go:65.21,67.3 1 0
github.com/nmarsollier/authgo/internal/di/injector.go:69.2,70.16 2 0
github.com/nmarsollier/authgo/internal/di/injector.go:70.16,73.3 2 0
github.com/nmarsollier/authgo/internal/di/injector.go:75.2,75.17 1 0
github.com/nmarsollier/authgo/internal/di/injector.go:78.41,80.2 1 0
github.com/nmarsollier/authgo/internal/di/injector.go:82.50,83.31 1 0
github.com/nmarsollier/authgo/internal/di/injector.go:83.31,85.3 1 0
github.com/nmarsollier/authgo/internal/di/injector.go:87.2,88.27 2 0
github.com/nmarsollier/authgo/internal/di/injector.go:91.56,92.34 1 0
github.com/nmarsollier/authgo/internal/di/injector.go:92.34,94.3 1 0
github.com/nmarsollier/authgo/internal/di/injector.go:96.2,97.16 2 0
github.com/nmarsollier/authgo/internal/di/injector.go:97.16,100.3 2 0
github.com/nmarsollier/authgo/internal/di/injector.go:102.2,103.30 2 0
github.com/nmarsollier/authgo/internal/di/injector.go:106.54,107.29 1 0
github.com/nmarsollier/authgo/internal/di/injector.go:107.29,109.3 1 0
github.com/nmarsollier/authgo/internal/di/injector.go:111.2,111.23 1 0
github.com/nmarsollier/authgo/internal/di/injector.go:111.23,113.3 1 0
github.com/nmarsollier/authgo/internal/di/injector.go:115.2,117.19 2 0
github.com/nmarsollier/authgo/internal/di/injector.go:120.47,121.30 1 0
github.com/nmarsollier/authgo/internal/di/injector.go:121.30,123.3 1 0
github.com/nmarsollier/authgo/internal/di/injector.go:125.2,127.26 2 0
github.com/nmarsollier/authgo/internal/di/injector.go:130.53,131.33 1 0
github.com/nmarsollier/authgo/internal/di/injector.go:131.33,133.3 1 0
github.com/nmarsollier/authgo/internal/di/injector.go:135.2,138.29 3 0
github.com/nmarsollier/authgo/internal/di/injector.go:141.55,142.32 1 0
github.com/nmarsollier/authgo/internal/di/injector.go:142.32,144.3 1 0
github.com/nmarsollier/authgo/internal/di/injector.go:146.2,148.28 2 0
github.com/nmarsollier/authgo/internal/di/injector.go:151.55,152.32 1 0
github.com/nmarsollier/authgo/internal/di/injector.go:152.32,154.3 1 0
github.com/nmarsollier/authgo/internal/di/injector.go:156.2,158.28 2 0
github.com/nmarsollier/authgo/internal/di/injector.go:161.73,162.41 1 0
github.com/nmarsollier/authgo/internal/di/injector.go:162.41,164.3 1 0
github.com/nmarsollier/authgo/internal/di/injector.go:166.2,168.37 2 0
github.com/nmarsollier/authgo/internal/di/injector.go:171.48,172.34 1 0
github.com/nmarsollier/authgo/internal/di/injector.go:172.34,174.3 1 0
github.com/nmarsollier/authgo/internal/di/injector.go:176.2,176.28 1 0
github.com/nmarsollier/authgo/internal/di/injector.go:176.28,178.3 1 0
github.com/nmarsollier/authgo/internal/di/injector.go:180.2,181.16 2 0
github.com/nmarsollier/authgo/internal/di/injector.go:181.16,184.3 2 0
github.com/nmarsollier/authgo/internal/di/injector.go:186.2,186.24 1 0
github.com/nmarsollier/authgo/internal/di/injector.go:189.47,190.33 1 0
github.com/nmarsollier/authgo/internal/di/injector.go:190.33,192.3 1 0
github.com/nmarsollier/authgo/internal/di/injector.go:194.2,194.27 1 0
github.com/nmarsollier/authgo/internal/di/injector.go:194.27,196.3 1 0
github.com/nmarsollier/authgo/internal/di/injector.go:198.2,199.16 2 0
github.com/nmarsollier/authgo/internal/di/injector.go:199.16,202.3 2 0
github.com/nmarsollier/authgo/internal/di/injector.go:204.2,204.23 1 0
github.com/nmarsollier/authgo/internal/di/injector.go:208.40,209.47 1 0
github.com/nmarsollier/authgo/internal/di/injector.go:209.47,211.3 1 0
github.com/nmarsollier/authgo/internal/di/injector.go:214.66,215.29 1 0
github.com/nmarsollier/authgo/internal/di/injector.go:215.29,217.3 1 0
github.com/nmarsollier/authgo/internal/di/injector.go:219.2,233.25 3 0
