mode: set
github.com/nmarsollier/authgo/internal/rest/get_users_all.go:23.40,29.2 1 0
github.com/nmarsollier/authgo/internal/rest/get_users_all.go:31.28,35.16 3 0
github.com/nmarsollier/authgo/internal/rest/get_users_all.go:35.16,38.3 2 0
github.com/nmarsollier/authgo/internal/rest/get_users_all.go:40.2,40.21 1 0
github.com/nmarsollier/authgo/internal/rest/get_users_current.go:23.47,29.2 1 0
github.com/nmarsollier/authgo/internal/rest/get_users_current.go:31.34,36.16 4 0
github.com/nmarsollier/authgo/internal/rest/get_users_current.go:36.16,39.3 2 0
github.com/nmarsollier/authgo/internal/rest/get_users_current.go:41.2,41.19 1 0
github.com/nmarsollier/authgo/internal/rest/get_users_signout.go:20.46,26.2 1 0
github.com/nmarsollier/authgo/internal/rest/get_users_signout.go:28.30,32.67 3 0
github.com/nmarsollier/authgo/internal/rest/get_users_signout.go:32.67,35.3 2 0
github.com/nmarsollier/authgo/internal/rest/get_users_signout.go:37.2,37.10 1 0
github.com/nmarsollier/authgo/internal/rest/post_users_id_disable.go:24.50,30.2 1 0
github.com/nmarsollier/authgo/internal/rest/post_users_id_disable.go:32.30,36.50 3 0
github.com/nmarsollier/authgo/internal/rest/post_users_id_disable.go:36.50,38.3 1 0
github.com/nmarsollier/authgo/internal/rest/post_users_id_enable.go:24.49,30.2 1 0
github.com/nmarsollier/authgo/internal/rest/post_users_id_enable.go:32.29,36.49 3 0
github.com/nmarsollier/authgo/internal/rest/post_users_id_enable.go:36.49,38.3 1 0
github.com/nmarsollier/authgo/internal/rest/post_users_id_grant.go:25.48,31.2 1 0
github.com/nmarsollier/authgo/internal/rest/post_users_id_grant.go:37.38,39.48 2 0
github.com/nmarsollier/authgo/internal/rest/post_users_id_grant.go:39.48,42.3 2 0
github.com/nmarsollier/authgo/internal/rest/post_users_id_grant.go:43.2,46.66 3 0
github.com/nmarsollier/authgo/internal/rest/post_users_id_grant.go:46.66,49.3 2 0
github.com/nmarsollier/authgo/internal/rest/post_users_id_revoke.go:25.49,31.2 1 0
github.com/nmarsollier/authgo/internal/rest/post_users_id_revoke.go:37.39,39.48 2 0
github.com/nmarsollier/authgo/internal/rest/post_users_id_revoke.go:39.48,42.3 2 0
github.com/nmarsollier/authgo/internal/rest/post_users_id_revoke.go:44.2,47.67 3 0
github.com/nmarsollier/authgo/internal/rest/post_users_id_revoke.go:47.67,50.3 2 0
github.com/nmarsollier/authgo/internal/rest/post_users_password.go:24.47,30.2 1 0
github.com/nmarsollier/authgo/internal/rest/post_users_password.go:37.37,39.48 2 0
github.com/nmarsollier/authgo/internal/rest/post_users_password.go:39.48,42.3 2 0
github.com/nmarsollier/authgo/internal/rest/post_users_password.go:43.2,46.93 3 0
github.com/nmarsollier/authgo/internal/rest/post_users_password.go:46.93,49.3 2 0
github.com/nmarsollier/authgo/internal/rest/post_users_signin.go:23.46,28.2 1 0
github.com/nmarsollier/authgo/internal/rest/post_users_signin.go:30.29,32.49 2 0
github.com/nmarsollier/authgo/internal/rest/post_users_signin.go:32.49,35.3 2 0
github.com/nmarsollier/authgo/internal/rest/post_users_signin.go:37.2,39.16 3 0
github.com/nmarsollier/authgo/internal/rest/post_users_signin.go:39.16,42.3 2 0
github.com/nmarsollier/authgo/internal/rest/post_users_signin.go:44.2,44.20 1 0
github.com/nmarsollier/authgo/internal/rest/post_users_signup.go:23.41,28.2 1 0
github.com/nmarsollier/authgo/internal/rest/post_users_signup.go:30.29,32.48 2 0
github.com/nmarsollier/authgo/internal/rest/post_users_signup.go:32.48,35.3 2 0
github.com/nmarsollier/authgo/internal/rest/post_users_signup.go:37.2,39.16 3 0
github.com/nmarsollier/authgo/internal/rest/post_users_signup.go:39.16,42.3 2 0
github.com/nmarsollier/authgo/internal/rest/post_users_signup.go:44.2,44.20 1 0
github.com/nmarsollier/authgo/internal/rest/router.go:12.14,15.2 2 0
github.com/nmarsollier/authgo/internal/rest/router.go:17.37,28.2 10 0
