mode: set
github.com/nmarsollier/authgo/internal/common/db/collection.go:30.31,33.32 2 0
github.com/nmarsollier/authgo/internal/common/db/collection.go:33.32,41.17 2 0
github.com/nmarsollier/authgo/internal/common/db/collection.go:41.17,45.4 3 0
github.com/nmarsollier/authgo/internal/common/db/collection.go:47.2,47.16 1 0
github.com/nmarsollier/authgo/internal/common/db/collection.go:47.16,51.3 3 0
github.com/nmarsollier/authgo/internal/common/db/collection.go:53.2,56.8 1 0
github.com/nmarsollier/authgo/internal/common/db/collection.go:64.97,65.85 1 0
github.com/nmarsollier/authgo/internal/common/db/collection.go:65.85,68.3 2 0
github.com/nmarsollier/authgo/internal/common/db/collection.go:69.2,69.12 1 0
github.com/nmarsollier/authgo/internal/common/db/collection.go:72.110,74.16 2 0
github.com/nmarsollier/authgo/internal/common/db/collection.go:74.16,77.3 2 0
github.com/nmarsollier/authgo/internal/common/db/collection.go:78.2,78.35 1 0
github.com/nmarsollier/authgo/internal/common/db/collection.go:81.157,83.16 2 0
github.com/nmarsollier/authgo/internal/common/db/collection.go:83.16,86.3 2 0
github.com/nmarsollier/authgo/internal/common/db/collection.go:87.2,87.38 1 0
github.com/nmarsollier/authgo/internal/common/db/collection.go:90.97,92.16 2 0
github.com/nmarsollier/authgo/internal/common/db/collection.go:92.16,95.3 2 0
github.com/nmarsollier/authgo/internal/common/db/collection.go:96.2,96.31 1 0
github.com/nmarsollier/authgo/internal/common/db/collection.go:105.45,109.2 1 0
github.com/nmarsollier/authgo/internal/common/db/collection.go:115.56,117.2 1 0
github.com/nmarsollier/authgo/internal/common/db/collection.go:119.54,121.2 1 0
github.com/nmarsollier/authgo/internal/common/db/collection.go:122.53,124.2 1 0
github.com/nmarsollier/authgo/internal/common/db/collection.go:126.134,128.16 2 0
github.com/nmarsollier/authgo/internal/common/db/collection.go:128.16,130.3 1 0
github.com/nmarsollier/authgo/internal/common/db/collection.go:131.2,131.38 1 0
github.com/nmarsollier/authgo/internal/common/db/database.go:14.28,18.16 3 0
github.com/nmarsollier/authgo/internal/common/db/database.go:18.16,20.3 1 0
github.com/nmarsollier/authgo/internal/common/db/database.go:22.2,24.22 2 0
