mode: set
github.com/nmarsollier/authgo/internal/token/repository.go:12.77,16.16 3 0
github.com/nmarsollier/authgo/internal/token/repository.go:16.16,19.3 2 0
github.com/nmarsollier/authgo/internal/token/repository.go:21.2,21.19 1 0
github.com/nmarsollier/authgo/internal/token/repository.go:24.68,26.16 2 0
github.com/nmarsollier/authgo/internal/token/repository.go:26.16,29.3 2 0
github.com/nmarsollier/authgo/internal/token/repository.go:31.2,34.89 3 0
github.com/nmarsollier/authgo/internal/token/repository.go:34.89,37.3 2 0
github.com/nmarsollier/authgo/internal/token/repository.go:39.2,39.19 1 0
github.com/nmarsollier/authgo/internal/token/repository.go:42.47,50.2 2 0
github.com/nmarsollier/authgo/internal/token/schema.go:18.49,24.2 1 0
github.com/nmarsollier/authgo/internal/token/schema.go:26.39,34.16 3 0
github.com/nmarsollier/authgo/internal/token/schema.go:34.16,36.3 1 0
github.com/nmarsollier/authgo/internal/token/schema.go:38.2,38.25 1 0
github.com/nmarsollier/authgo/internal/token/schema.go:41.65,42.83 1 0
github.com/nmarsollier/authgo/internal/token/schema.go:42.83,43.58 1 0
github.com/nmarsollier/authgo/internal/token/schema.go:43.58,45.4 1 0
github.com/nmarsollier/authgo/internal/token/schema.go:47.3,47.42 1 0
github.com/nmarsollier/authgo/internal/token/schema.go:50.2,50.32 1 0
github.com/nmarsollier/authgo/internal/token/schema.go:50.32,52.3 1 0
github.com/nmarsollier/authgo/internal/token/schema.go:54.2,56.9 2 0
github.com/nmarsollier/authgo/internal/token/schema.go:56.9,58.3 1 0
github.com/nmarsollier/authgo/internal/token/schema.go:60.2,63.29 3 0
github.com/nmarsollier/authgo/internal/token/service.go:12.65,14.16 2 0
github.com/nmarsollier/authgo/internal/token/service.go:14.16,17.3 2 0
github.com/nmarsollier/authgo/internal/token/service.go:19.2,20.16 2 0
github.com/nmarsollier/authgo/internal/token/service.go:20.16,22.3 1 0
github.com/nmarsollier/authgo/internal/token/service.go:24.2,25.16 2 0
github.com/nmarsollier/authgo/internal/token/service.go:25.16,27.3 1 0
github.com/nmarsollier/authgo/internal/token/service.go:29.2,31.19 2 0
github.com/nmarsollier/authgo/internal/token/service.go:34.72,35.59 1 0
github.com/nmarsollier/authgo/internal/token/service.go:35.59,37.3 1 0
github.com/nmarsollier/authgo/internal/token/service.go:39.2,40.16 2 0
github.com/nmarsollier/authgo/internal/token/service.go:40.16,42.3 1 0
github.com/nmarsollier/authgo/internal/token/service.go:44.2,45.34 2 0
github.com/nmarsollier/authgo/internal/token/service.go:45.34,47.3 1 0
github.com/nmarsollier/authgo/internal/token/service.go:49.2,49.19 1 0
github.com/nmarsollier/authgo/internal/token/service.go:52.64,54.16 2 0
github.com/nmarsollier/authgo/internal/token/service.go:54.16,56.3 1 0
github.com/nmarsollier/authgo/internal/token/service.go:58.2,59.16 2 0
github.com/nmarsollier/authgo/internal/token/service.go:59.16,62.3 2 0
github.com/nmarsollier/authgo/internal/token/service.go:64.2,64.35 1 0
github.com/nmarsollier/authgo/internal/token/service.go:64.35,66.3 1 0
github.com/nmarsollier/authgo/internal/token/service.go:68.2,70.12 2 0
github.com/nmarsollier/authgo/internal/token/service.go:74.64,76.16 2 0
github.com/nmarsollier/authgo/internal/token/service.go:76.16,78.3 1 0
github.com/nmarsollier/authgo/internal/token/service.go:80.2,81.16 2 0
github.com/nmarsollier/authgo/internal/token/service.go:81.16,83.3 1 0
github.com/nmarsollier/authgo/internal/token/service.go:85.2,87.19 2 0
