mode: set
github.com/nmarsollier/authgo/engine/di/injector.go:49.48,53.2 1 0
github.com/nmarsollier/authgo/engine/di/injector.go:55.45,57.2 1 0
github.com/nmarsollier/authgo/engine/di/injector.go:59.54,60.27 1 0
github.com/nmarsollier/authgo/engine/di/injector.go:60.27,62.3 1 0
github.com/nmarsollier/authgo/engine/di/injector.go:64.2,65.23 2 0
github.com/nmarsollier/authgo/engine/di/injector.go:68.60,69.30 1 0
github.com/nmarsollier/authgo/engine/di/injector.go:69.30,71.3 1 0
github.com/nmarsollier/authgo/engine/di/injector.go:73.2,74.16 2 0
github.com/nmarsollier/authgo/engine/di/injector.go:74.16,77.3 2 0
github.com/nmarsollier/authgo/engine/di/injector.go:79.2,80.26 2 0
github.com/nmarsollier/authgo/engine/di/injector.go:83.50,84.25 1 0
github.com/nmarsollier/authgo/engine/di/injector.go:84.25,86.3 1 0
github.com/nmarsollier/authgo/engine/di/injector.go:88.2,88.23 1 0
github.com/nmarsollier/authgo/engine/di/injector.go:88.23,90.3 1 0
github.com/nmarsollier/authgo/engine/di/injector.go:92.2,94.19 2 0
github.com/nmarsollier/authgo/engine/di/injector.go:97.51,98.26 1 0
github.com/nmarsollier/authgo/engine/di/injector.go:98.26,100.3 1 0
github.com/nmarsollier/authgo/engine/di/injector.go:102.2,104.22 2 0
github.com/nmarsollier/authgo/engine/di/injector.go:107.57,108.29 1 0
github.com/nmarsollier/authgo/engine/di/injector.go:108.29,110.3 1 0
github.com/nmarsollier/authgo/engine/di/injector.go:112.2,113.16 2 0
github.com/nmarsollier/authgo/engine/di/injector.go:113.16,116.3 2 0
github.com/nmarsollier/authgo/engine/di/injector.go:118.2,119.25 2 0
github.com/nmarsollier/authgo/engine/di/injector.go:122.59,123.28 1 0
github.com/nmarsollier/authgo/engine/di/injector.go:123.28,125.3 1 0
github.com/nmarsollier/authgo/engine/di/injector.go:127.2,129.24 2 0
github.com/nmarsollier/authgo/engine/di/injector.go:132.59,133.28 1 0
github.com/nmarsollier/authgo/engine/di/injector.go:133.28,135.3 1 0
github.com/nmarsollier/authgo/engine/di/injector.go:137.2,139.24 2 0
github.com/nmarsollier/authgo/engine/di/injector.go:142.77,143.37 1 0
github.com/nmarsollier/authgo/engine/di/injector.go:143.37,145.3 1 0
github.com/nmarsollier/authgo/engine/di/injector.go:147.2,149.33 2 0
github.com/nmarsollier/authgo/engine/di/injector.go:152.65,153.32 1 0
github.com/nmarsollier/authgo/engine/di/injector.go:153.32,155.3 1 0
github.com/nmarsollier/authgo/engine/di/injector.go:157.2,159.28 2 0
github.com/nmarsollier/authgo/engine/di/injector.go:162.57,163.30 1 0
github.com/nmarsollier/authgo/engine/di/injector.go:163.30,165.3 1 0
github.com/nmarsollier/authgo/engine/di/injector.go:167.2,167.28 1 0
github.com/nmarsollier/authgo/engine/di/injector.go:167.28,169.3 1 0
github.com/nmarsollier/authgo/engine/di/injector.go:171.2,172.16 2 0
github.com/nmarsollier/authgo/engine/di/injector.go:172.16,175.3 2 0
github.com/nmarsollier/authgo/engine/di/injector.go:177.2,177.24 1 0
github.com/nmarsollier/authgo/engine/di/injector.go:180.56,181.29 1 0
github.com/nmarsollier/authgo/engine/di/injector.go:181.29,183.3 1 0
github.com/nmarsollier/authgo/engine/di/injector.go:185.2,185.27 1 0
github.com/nmarsollier/authgo/engine/di/injector.go:185.27,187.3 1 0
github.com/nmarsollier/authgo/engine/di/injector.go:189.2,190.16 2 0
github.com/nmarsollier/authgo/engine/di/injector.go:190.16,193.3 2 0
github.com/nmarsollier/authgo/engine/di/injector.go:195.2,195.23 1 0
github.com/nmarsollier/authgo/engine/di/injector.go:198.57,199.28 1 0
github.com/nmarsollier/authgo/engine/di/injector.go:199.28,201.3 1 0
github.com/nmarsollier/authgo/engine/di/injector.go:203.2,205.24 2 0
github.com/nmarsollier/authgo/engine/di/test_injector.go:22.17,35.2 6 0
github.com/nmarsollier/authgo/engine/di/test_injector.go:37.55,39.2 1 0
github.com/nmarsollier/authgo/engine/di/test_injector.go:41.91,43.2 1 0
github.com/nmarsollier/authgo/engine/di/test_injector.go:45.79,47.2 1 0
github.com/nmarsollier/authgo/engine/di/test_injector.go:49.73,51.2 1 0
github.com/nmarsollier/authgo/engine/di/test_injector.go:53.73,55.2 1 0
github.com/nmarsollier/authgo/engine/di/test_injector.go:57.77,59.2 1 0
github.com/nmarsollier/authgo/engine/di/test_injector.go:61.68,63.2 1 0
github.com/nmarsollier/authgo/engine/di/test_injector.go:65.74,67.2 1 0
github.com/nmarsollier/authgo/engine/di/test_injector.go:69.65,71.2 1 0
github.com/nmarsollier/authgo/engine/di/test_injector.go:73.71,75.2 1 0
github.com/nmarsollier/authgo/engine/di/test_injector.go:77.62,79.2 1 0
github.com/nmarsollier/authgo/engine/di/test_injector.go:81.74,83.2 1 0
github.com/nmarsollier/authgo/engine/di/test_injector.go:85.73,87.2 1 0
