mode: set
github.com/nmarsollier/authgo/tools/db/connection.go:15.37,16.21 1 0
github.com/nmarsollier/authgo/tools/db/connection.go:16.21,20.17 3 0
github.com/nmarsollier/authgo/tools/db/connection.go:20.17,23.4 2 0
github.com/nmarsollier/authgo/tools/db/connection.go:25.3,25.38 1 0
github.com/nmarsollier/authgo/tools/db/connection.go:27.2,27.22 1 0
github.com/nmarsollier/authgo/tools/db/mocks.go:26.75,30.2 3 0
github.com/nmarsollier/authgo/tools/db/mocks.go:33.73,35.2 1 0
github.com/nmarsollier/authgo/tools/db/mocks.go:38.93,44.2 5 0
github.com/nmarsollier/authgo/tools/db/mocks.go:47.87,50.2 2 0
github.com/nmarsollier/authgo/tools/db/mocks.go:53.89,58.2 4 0
github.com/nmarsollier/authgo/tools/db/mocks.go:61.93,64.2 2 0
github.com/nmarsollier/authgo/tools/db/mocks.go:67.105,73.2 5 0
github.com/nmarsollier/authgo/tools/db/mocks.go:76.94,79.2 2 0
github.com/nmarsollier/authgo/tools/db/mocks.go:82.105,88.2 5 0
github.com/nmarsollier/authgo/tools/db/mocks.go:91.100,94.2 2 0
github.com/nmarsollier/authgo/tools/db/mocks.go:108.57,112.2 3 0
github.com/nmarsollier/authgo/tools/db/mocks.go:115.55,117.2 1 0
github.com/nmarsollier/authgo/tools/db/mocks.go:120.55,125.2 4 0
github.com/nmarsollier/authgo/tools/db/mocks.go:128.71,131.2 2 0
github.com/nmarsollier/authgo/tools/db/mocks.go:134.52,139.2 4 0
github.com/nmarsollier/authgo/tools/db/mocks.go:142.72,145.2 2 0
github.com/nmarsollier/authgo/tools/db/mocks.go:148.53,153.2 4 0
github.com/nmarsollier/authgo/tools/db/mocks.go:156.70,159.2 2 0
github.com/nmarsollier/authgo/tools/db/mongo_collection.go:19.71,23.2 1 0
github.com/nmarsollier/authgo/tools/db/mongo_collection.go:29.97,30.85 1 0
github.com/nmarsollier/authgo/tools/db/mongo_collection.go:30.85,32.3 1 0
github.com/nmarsollier/authgo/tools/db/mongo_collection.go:33.2,33.12 1 0
github.com/nmarsollier/authgo/tools/db/mongo_collection.go:36.110,38.16 2 0
github.com/nmarsollier/authgo/tools/db/mongo_collection.go:38.16,40.3 1 0
github.com/nmarsollier/authgo/tools/db/mongo_collection.go:41.2,41.35 1 0
github.com/nmarsollier/authgo/tools/db/mongo_collection.go:44.128,46.16 2 0
github.com/nmarsollier/authgo/tools/db/mongo_collection.go:46.16,48.3 1 0
github.com/nmarsollier/authgo/tools/db/mongo_collection.go:49.2,49.38 1 0
github.com/nmarsollier/authgo/tools/db/mongo_collection.go:52.97,54.16 2 0
github.com/nmarsollier/authgo/tools/db/mongo_collection.go:54.16,56.3 1 0
github.com/nmarsollier/authgo/tools/db/mongo_collection.go:57.2,57.36 1 0
github.com/nmarsollier/authgo/tools/db/mongo_collection.go:66.50,70.2 1 0
github.com/nmarsollier/authgo/tools/db/mongo_collection.go:76.56,78.2 1 0
github.com/nmarsollier/authgo/tools/db/mongo_collection.go:80.54,82.2 1 0
github.com/nmarsollier/authgo/tools/db/mongo_collection.go:83.53,85.2 1 0
github.com/nmarsollier/authgo/tools/db/tools.go:9.34,10.47 1 0
github.com/nmarsollier/authgo/tools/db/tools.go:10.47,12.3 1 0
github.com/nmarsollier/authgo/tools/db/tools.go:16.39,17.48 1 0
github.com/nmarsollier/authgo/tools/db/tools.go:17.48,18.46 1 0
github.com/nmarsollier/authgo/tools/db/tools.go:18.46,19.41 1 0
github.com/nmarsollier/authgo/tools/db/tools.go:19.41,21.5 1 0
github.com/nmarsollier/authgo/tools/db/tools.go:24.2,24.14 1 0
