mode: set
github.com/nmarsollier/authgo/graph/resolvers/change_password.go:10.96,12.16 2 0
github.com/nmarsollier/authgo/graph/resolvers/change_password.go:12.16,14.3 1 0
github.com/nmarsollier/authgo/graph/resolvers/change_password.go:16.2,17.92 2 0
github.com/nmarsollier/authgo/graph/resolvers/change_password.go:17.92,19.3 1 0
github.com/nmarsollier/authgo/graph/resolvers/change_password.go:21.2,21.18 1 0
github.com/nmarsollier/authgo/graph/resolvers/current_user.go:11.60,13.16 2 0
github.com/nmarsollier/authgo/graph/resolvers/current_user.go:13.16,15.3 1 0
github.com/nmarsollier/authgo/graph/resolvers/current_user.go:17.2,19.16 3 0
github.com/nmarsollier/authgo/graph/resolvers/current_user.go:19.16,21.3 1 0
github.com/nmarsollier/authgo/graph/resolvers/current_user.go:23.2,23.26 1 0
github.com/nmarsollier/authgo/graph/resolvers/disable.go:10.64,11.49 1 0
github.com/nmarsollier/authgo/graph/resolvers/disable.go:11.49,13.3 1 0
github.com/nmarsollier/authgo/graph/resolvers/disable.go:15.2,17.53 2 0
github.com/nmarsollier/authgo/graph/resolvers/disable.go:17.53,19.3 1 0
github.com/nmarsollier/authgo/graph/resolvers/disable.go:21.2,21.18 1 0
github.com/nmarsollier/authgo/graph/resolvers/enable.go:10.63,11.49 1 0
github.com/nmarsollier/authgo/graph/resolvers/enable.go:11.49,13.3 1 0
github.com/nmarsollier/authgo/graph/resolvers/enable.go:15.2,17.52 2 0
github.com/nmarsollier/authgo/graph/resolvers/enable.go:17.52,19.3 1 0
github.com/nmarsollier/authgo/graph/resolvers/enable.go:21.2,21.18 1 0
github.com/nmarsollier/authgo/graph/resolvers/find_user.go:11.72,19.16 3 0
github.com/nmarsollier/authgo/graph/resolvers/find_user.go:19.16,21.3 1 0
github.com/nmarsollier/authgo/graph/resolvers/find_user.go:23.2,23.26 1 0
github.com/nmarsollier/authgo/graph/resolvers/grant.go:10.84,11.49 1 0
github.com/nmarsollier/authgo/graph/resolvers/grant.go:11.49,13.3 1 0
github.com/nmarsollier/authgo/graph/resolvers/grant.go:15.2,17.64 2 0
github.com/nmarsollier/authgo/graph/resolvers/grant.go:17.64,19.3 1 0
github.com/nmarsollier/authgo/graph/resolvers/grant.go:21.2,21.18 1 0
github.com/nmarsollier/authgo/graph/resolvers/revoke.go:10.85,11.49 1 0
github.com/nmarsollier/authgo/graph/resolvers/revoke.go:11.49,13.3 1 0
github.com/nmarsollier/authgo/graph/resolvers/revoke.go:15.2,17.65 2 0
github.com/nmarsollier/authgo/graph/resolvers/revoke.go:17.65,19.3 1 0
github.com/nmarsollier/authgo/graph/resolvers/revoke.go:21.2,21.18 1 0
github.com/nmarsollier/authgo/graph/resolvers/sign_in.go:12.87,16.16 3 0
github.com/nmarsollier/authgo/graph/resolvers/sign_in.go:16.16,18.3 1 0
github.com/nmarsollier/authgo/graph/resolvers/sign_in.go:20.2,22.8 1 0
github.com/nmarsollier/authgo/graph/resolvers/sign_out.go:10.49,12.16 2 0
github.com/nmarsollier/authgo/graph/resolvers/sign_out.go:12.16,14.3 1 0
github.com/nmarsollier/authgo/graph/resolvers/sign_out.go:16.2,18.62 2 0
github.com/nmarsollier/authgo/graph/resolvers/sign_out.go:18.62,20.3 1 0
github.com/nmarsollier/authgo/graph/resolvers/sign_out.go:22.2,22.18 1 0
github.com/nmarsollier/authgo/graph/resolvers/sign_up.go:11.100,18.16 3 0
github.com/nmarsollier/authgo/graph/resolvers/sign_up.go:18.16,20.3 1 0
github.com/nmarsollier/authgo/graph/resolvers/sign_up.go:21.2,23.8 1 0
github.com/nmarsollier/authgo/graph/resolvers/user_mapper.go:8.55,16.2 1 0
github.com/nmarsollier/authgo/graph/resolvers/users.go:11.56,12.49 1 0
github.com/nmarsollier/authgo/graph/resolvers/users.go:12.49,14.3 1 0
github.com/nmarsollier/authgo/graph/resolvers/users.go:16.2,19.16 3 0
github.com/nmarsollier/authgo/graph/resolvers/users.go:19.16,21.3 1 0
github.com/nmarsollier/authgo/graph/resolvers/users.go:23.2,24.23 2 0
github.com/nmarsollier/authgo/graph/resolvers/users.go:24.23,26.3 1 0
github.com/nmarsollier/authgo/graph/resolvers/users.go:28.2,28.20 1 0
