mode: set
github.com/nmarsollier/authgo/rabbit/mocks.go:25.57,29.2 3 0
github.com/nmarsollier/authgo/rabbit/mocks.go:32.55,34.2 1 0
github.com/nmarsollier/authgo/rabbit/mocks.go:37.53,42.2 4 0
github.com/nmarsollier/authgo/rabbit/mocks.go:45.78,48.2 2 0
github.com/nmarsollier/authgo/rabbit/rabbit.go:26.41,27.28 1 0
github.com/nmarsollier/authgo/rabbit/rabbit.go:27.28,28.31 1 0
github.com/nmarsollier/authgo/rabbit/rabbit.go:28.31,30.4 1 0
github.com/nmarsollier/authgo/rabbit/rabbit.go:33.2,33.26 1 0
github.com/nmarsollier/authgo/rabbit/rabbit.go:33.26,35.3 1 0
github.com/nmarsollier/authgo/rabbit/rabbit.go:36.2,36.22 1 0
github.com/nmarsollier/authgo/rabbit/rabbit.go:44.42,45.20 1 0
github.com/nmarsollier/authgo/rabbit/rabbit.go:45.20,47.17 2 0
github.com/nmarsollier/authgo/rabbit/rabbit.go:47.17,49.4 1 0
github.com/nmarsollier/authgo/rabbit/rabbit.go:51.3,52.17 2 0
github.com/nmarsollier/authgo/rabbit/rabbit.go:52.17,54.4 1 0
github.com/nmarsollier/authgo/rabbit/rabbit.go:55.3,55.15 1 0
github.com/nmarsollier/authgo/rabbit/rabbit.go:57.2,57.20 1 0
github.com/nmarsollier/authgo/rabbit/rabbit.go:57.20,59.3 1 0
github.com/nmarsollier/authgo/rabbit/rabbit.go:60.2,60.21 1 0
github.com/nmarsollier/authgo/rabbit/rabbit.go:72.53,79.16 3 0
github.com/nmarsollier/authgo/rabbit/rabbit.go:79.16,82.3 2 0
github.com/nmarsollier/authgo/rabbit/rabbit.go:84.2,93.16 2 0
github.com/nmarsollier/authgo/rabbit/rabbit.go:93.16,96.3 2 0
github.com/nmarsollier/authgo/rabbit/rabbit.go:98.2,99.16 2 0
github.com/nmarsollier/authgo/rabbit/rabbit.go:99.16,101.3 1 0
github.com/nmarsollier/authgo/rabbit/rabbit.go:103.2,111.16 2 0
github.com/nmarsollier/authgo/rabbit/rabbit.go:111.16,114.3 2 0
github.com/nmarsollier/authgo/rabbit/rabbit.go:116.2,117.12 2 0
