mode: set
github.com/nmarsollier/authgo/internal/usecases/invalidate_token.go:11.9,14.16 2 0
github.com/nmarsollier/authgo/internal/usecases/invalidate_token.go:14.16,16.3 1 0
github.com/nmarsollier/authgo/internal/usecases/invalidate_token.go:18.2,18.12 1 0
github.com/nmarsollier/authgo/internal/usecases/invalidate_token.go:18.12,20.20 2 0
github.com/nmarsollier/authgo/internal/usecases/invalidate_token.go:20.20,23.4 2 0
github.com/nmarsollier/authgo/internal/usecases/invalidate_token.go:25.3,25.64 1 0
github.com/nmarsollier/authgo/internal/usecases/invalidate_token.go:25.64,27.4 1 0
github.com/nmarsollier/authgo/internal/usecases/invalidate_token.go:30.2,30.12 1 0
github.com/nmarsollier/authgo/internal/usecases/send_logout_publihser.go:13.31,23.2 2 0
github.com/nmarsollier/authgo/internal/usecases/sign_in.go:18.27,20.16 2 0
github.com/nmarsollier/authgo/internal/usecases/sign_in.go:20.16,22.3 1 0
github.com/nmarsollier/authgo/internal/usecases/sign_in.go:24.2,25.16 2 0
github.com/nmarsollier/authgo/internal/usecases/sign_in.go:25.16,27.3 1 0
github.com/nmarsollier/authgo/internal/usecases/sign_in.go:29.2,30.16 2 0
github.com/nmarsollier/authgo/internal/usecases/sign_in.go:30.16,32.3 1 0
github.com/nmarsollier/authgo/internal/usecases/sign_in.go:34.2,34.48 1 0
github.com/nmarsollier/authgo/internal/usecases/sign_up.go:22.27,24.16 2 0
github.com/nmarsollier/authgo/internal/usecases/sign_up.go:24.16,26.3 1 0
github.com/nmarsollier/authgo/internal/usecases/sign_up.go:28.2,29.16 2 0
github.com/nmarsollier/authgo/internal/usecases/sign_up.go:29.16,31.3 1 0
github.com/nmarsollier/authgo/internal/usecases/sign_up.go:33.2,34.16 2 0
github.com/nmarsollier/authgo/internal/usecases/sign_up.go:34.16,36.3 1 0
github.com/nmarsollier/authgo/internal/usecases/sign_up.go:38.2,38.48 1 0
