mode: set
github.com/nmarsollier/authgo/tools/log/logger.go:24.43,25.25 1 0
github.com/nmarsollier/authgo/tools/log/logger.go:25.25,26.36 1 0
github.com/nmarsollier/authgo/tools/log/logger.go:26.36,28.4 1 0
github.com/nmarsollier/authgo/tools/log/logger.go:30.2,35.35 5 0
github.com/nmarsollier/authgo/tools/log/logger.go:38.45,40.16 2 0
github.com/nmarsollier/authgo/tools/log/logger.go:40.16,51.3 3 0
github.com/nmarsollier/authgo/tools/log/logger.go:59.67,61.16 2 0
github.com/nmarsollier/authgo/tools/log/logger.go:61.16,63.3 1 0
github.com/nmarsollier/authgo/tools/log/logger.go:64.2,64.12 1 0
github.com/nmarsollier/authgo/tools/log/logger.go:67.59,69.2 1 0
github.com/nmarsollier/authgo/tools/log/logger.go:71.49,74.2 2 0
github.com/nmarsollier/authgo/tools/log/logrus_logger.go:18.49,20.2 1 0
github.com/nmarsollier/authgo/tools/log/logrus_logger.go:22.75,26.2 1 0
github.com/nmarsollier/authgo/tools/log/logrus_logger.go:28.48,30.2 1 0
github.com/nmarsollier/authgo/tools/log/logrus_logger.go:32.48,34.2 1 0
github.com/nmarsollier/authgo/tools/log/logrus_logger.go:36.49,38.2 1 0
github.com/nmarsollier/authgo/tools/log/logrus_logger.go:40.43,42.2 1 0
github.com/nmarsollier/authgo/tools/log/logrus_logger_mocks.go:26.67,30.2 3 0
github.com/nmarsollier/authgo/tools/log/logrus_logger_mocks.go:33.65,35.2 1 0
github.com/nmarsollier/authgo/tools/log/logrus_logger_mocks.go:38.48,43.2 4 0
github.com/nmarsollier/authgo/tools/log/logrus_logger_mocks.go:46.60,49.2 2 0
github.com/nmarsollier/authgo/tools/log/logrus_logger_mocks.go:52.54,55.25 3 0
github.com/nmarsollier/authgo/tools/log/logrus_logger_mocks.go:55.25,57.3 1 0
github.com/nmarsollier/authgo/tools/log/logrus_logger_mocks.go:58.2,58.37 1 0
github.com/nmarsollier/authgo/tools/log/logrus_logger_mocks.go:62.80,65.2 2 0
github.com/nmarsollier/authgo/tools/log/logrus_logger_mocks.go:68.54,71.25 3 0
github.com/nmarsollier/authgo/tools/log/logrus_logger_mocks.go:71.25,73.3 1 0
github.com/nmarsollier/authgo/tools/log/logrus_logger_mocks.go:74.2,74.37 1 0
github.com/nmarsollier/authgo/tools/log/logrus_logger_mocks.go:78.80,81.2 2 0
github.com/nmarsollier/authgo/tools/log/logrus_logger_mocks.go:84.53,87.25 3 0
github.com/nmarsollier/authgo/tools/log/logrus_logger_mocks.go:87.25,89.3 1 0
github.com/nmarsollier/authgo/tools/log/logrus_logger_mocks.go:90.2,90.36 1 0
github.com/nmarsollier/authgo/tools/log/logrus_logger_mocks.go:94.79,97.2 2 0
github.com/nmarsollier/authgo/tools/log/logrus_logger_mocks.go:100.53,103.25 3 0
github.com/nmarsollier/authgo/tools/log/logrus_logger_mocks.go:103.25,105.3 1 0
github.com/nmarsollier/authgo/tools/log/logrus_logger_mocks.go:106.2,106.36 1 0
github.com/nmarsollier/authgo/tools/log/logrus_logger_mocks.go:110.79,113.2 2 0
github.com/nmarsollier/authgo/tools/log/logrus_logger_mocks.go:116.80,121.2 4 0
github.com/nmarsollier/authgo/tools/log/logrus_logger_mocks.go:124.87,127.2 2 0
github.com/nmarsollier/authgo/tools/log/test_tools.go:8.154,21.2 8 0
