mode: set
github.com/nmarsollier/authgo/docs/docs.go:794.13,796.2 1 1
github.com/nmarsollier/authgo/rabbit/rabbit.go:9.60,10.24 1 1
github.com/nmarsollier/authgo/rabbit/rabbit.go:10.24,11.38 1 1
github.com/nmarsollier/authgo/rabbit/rabbit.go:11.38,13.4 1 1
github.com/nmarsollier/authgo/rabbit/rabbit.go:16.2,17.16 2 0
github.com/nmarsollier/authgo/rabbit/rabbit.go:17.16,20.3 2 0
github.com/nmarsollier/authgo/rabbit/rabbit.go:22.2,23.16 2 0
github.com/nmarsollier/authgo/rabbit/rabbit.go:23.16,26.3 2 0
github.com/nmarsollier/authgo/rabbit/rabbit.go:28.2,28.40 1 0
github.com/nmarsollier/authgo/rabbit/rabbit_channel.go:17.9,27.2 1 0
github.com/nmarsollier/authgo/rabbit/rabbit_channel.go:32.9,41.2 1 0
github.com/nmarsollier/authgo/rabbit/rabbit_channel_mocks.go:25.71,29.2 3 1
github.com/nmarsollier/authgo/rabbit/rabbit_channel_mocks.go:32.69,34.2 1 1
github.com/nmarsollier/authgo/rabbit/rabbit_channel_mocks.go:37.72,42.2 4 1
github.com/nmarsollier/authgo/rabbit/rabbit_channel_mocks.go:45.97,48.2 2 1
github.com/nmarsollier/authgo/rabbit/rabbit_channel_mocks.go:51.85,56.2 4 1
github.com/nmarsollier/authgo/rabbit/rabbit_channel_mocks.go:59.103,62.2 2 1
github.com/nmarsollier/authgo/rabbit/send_logout.go:18.57,33.16 6 1
github.com/nmarsollier/authgo/rabbit/send_logout.go:33.16,36.3 2 0
github.com/nmarsollier/authgo/rabbit/send_logout.go:38.2,42.16 2 1
github.com/nmarsollier/authgo/rabbit/send_logout.go:42.16,45.3 2 0
github.com/nmarsollier/authgo/rabbit/send_logout.go:47.2,48.16 2 1
github.com/nmarsollier/authgo/rabbit/send_logout.go:48.16,51.3 2 0
github.com/nmarsollier/authgo/rabbit/send_logout.go:53.2,57.16 2 1
github.com/nmarsollier/authgo/rabbit/send_logout.go:57.16,60.3 2 0
github.com/nmarsollier/authgo/rabbit/send_logout.go:62.2,63.12 2 1
github.com/nmarsollier/authgo/rabbit/test_tools.go:7.86,11.2 3 1
github.com/nmarsollier/authgo/rest/get_user_signout.go:20.28,26.2 1 1
github.com/nmarsollier/authgo/rest/get_user_signout.go:28.30,32.62 3 1
github.com/nmarsollier/authgo/rest/get_user_signout.go:32.62,35.3 2 1
github.com/nmarsollier/authgo/rest/get_user_signout.go:37.2,37.10 1 1
github.com/nmarsollier/authgo/rest/get_users.go:23.22,29.2 1 1
github.com/nmarsollier/authgo/rest/get_users.go:31.28,35.16 3 1
github.com/nmarsollier/authgo/rest/get_users.go:35.16,38.3 2 1
github.com/nmarsollier/authgo/rest/get_users.go:40.2,40.21 1 1
github.com/nmarsollier/authgo/rest/get_users_current.go:23.29,29.2 1 1
github.com/nmarsollier/authgo/rest/get_users_current.go:31.34,36.16 4 1
github.com/nmarsollier/authgo/rest/get_users_current.go:36.16,39.3 2 1
github.com/nmarsollier/authgo/rest/get_users_current.go:41.2,41.19 1 1
github.com/nmarsollier/authgo/rest/post_user.go:23.23,28.2 1 1
github.com/nmarsollier/authgo/rest/post_user.go:30.29,32.48 2 1
github.com/nmarsollier/authgo/rest/post_user.go:32.48,35.3 2 1
github.com/nmarsollier/authgo/rest/post_user.go:37.2,39.16 3 1
github.com/nmarsollier/authgo/rest/post_user.go:39.16,42.3 2 1
github.com/nmarsollier/authgo/rest/post_user.go:44.2,44.20 1 1
github.com/nmarsollier/authgo/rest/post_user_password.go:24.29,30.2 1 1
github.com/nmarsollier/authgo/rest/post_user_password.go:37.37,39.48 2 1
github.com/nmarsollier/authgo/rest/post_user_password.go:39.48,42.3 2 1
github.com/nmarsollier/authgo/rest/post_user_password.go:43.2,46.96 3 1
github.com/nmarsollier/authgo/rest/post_user_password.go:46.96,49.3 2 1
github.com/nmarsollier/authgo/rest/post_user_signin.go:23.28,28.2 1 1
github.com/nmarsollier/authgo/rest/post_user_signin.go:30.29,32.49 2 1
github.com/nmarsollier/authgo/rest/post_user_signin.go:32.49,35.3 2 1
github.com/nmarsollier/authgo/rest/post_user_signin.go:37.2,39.16 3 1
github.com/nmarsollier/authgo/rest/post_user_signin.go:39.16,42.3 2 1
github.com/nmarsollier/authgo/rest/post_user_signin.go:44.2,44.20 1 1
github.com/nmarsollier/authgo/rest/post_users_id_disable.go:24.32,30.2 1 1
github.com/nmarsollier/authgo/rest/post_users_id_disable.go:32.30,36.53 3 1
github.com/nmarsollier/authgo/rest/post_users_id_disable.go:36.53,38.3 1 1
github.com/nmarsollier/authgo/rest/post_users_id_enable.go:24.31,30.2 1 1
github.com/nmarsollier/authgo/rest/post_users_id_enable.go:32.29,36.52 3 1
github.com/nmarsollier/authgo/rest/post_users_id_enable.go:36.52,38.3 1 1
github.com/nmarsollier/authgo/rest/post_users_id_grant.go:25.30,31.2 1 1
github.com/nmarsollier/authgo/rest/post_users_id_grant.go:37.38,39.48 2 1
github.com/nmarsollier/authgo/rest/post_users_id_grant.go:39.48,42.3 2 0
github.com/nmarsollier/authgo/rest/post_users_id_grant.go:43.2,46.69 3 1
github.com/nmarsollier/authgo/rest/post_users_id_grant.go:46.69,49.3 2 1
github.com/nmarsollier/authgo/rest/post_users_id_revoke.go:25.31,31.2 1 1
github.com/nmarsollier/authgo/rest/post_users_id_revoke.go:37.39,39.48 2 1
github.com/nmarsollier/authgo/rest/post_users_id_revoke.go:39.48,42.3 2 0
github.com/nmarsollier/authgo/rest/post_users_id_revoke.go:44.2,47.70 3 1
github.com/nmarsollier/authgo/rest/post_users_id_revoke.go:47.70,50.3 2 1
github.com/nmarsollier/authgo/rest/router.go:11.14,14.2 2 0
github.com/nmarsollier/authgo/rest/router.go:16.19,27.2 10 1
github.com/nmarsollier/authgo/rest/server/error.go:15.35,18.2 2 1
github.com/nmarsollier/authgo/rest/server/error.go:20.42,22.16 2 1
github.com/nmarsollier/authgo/rest/server/error.go:22.16,24.3 1 1
github.com/nmarsollier/authgo/rest/server/error.go:27.2,27.42 1 1
github.com/nmarsollier/authgo/rest/server/error.go:27.42,30.3 2 1
github.com/nmarsollier/authgo/rest/server/error.go:31.2,31.102 1 1
github.com/nmarsollier/authgo/rest/server/error.go:31.102,36.3 3 1
github.com/nmarsollier/authgo/rest/server/error.go:39.2,39.33 1 1
github.com/nmarsollier/authgo/rest/server/error.go:40.22,42.21 1 1
github.com/nmarsollier/authgo/rest/server/error.go:43.23,45.19 1 1
github.com/nmarsollier/authgo/rest/server/error.go:46.34,48.34 1 1
github.com/nmarsollier/authgo/rest/server/error.go:49.28,51.35 1 1
github.com/nmarsollier/authgo/rest/server/error.go:51.35,53.4 1 1
github.com/nmarsollier/authgo/rest/server/error.go:53.9,55.4 1 1
github.com/nmarsollier/authgo/rest/server/error.go:56.13,60.5 1 0
github.com/nmarsollier/authgo/rest/server/error.go:61.10,63.29 1 0
github.com/nmarsollier/authgo/rest/server/error.go:67.89,70.37 2 1
github.com/nmarsollier/authgo/rest/server/error.go:70.37,72.3 1 1
github.com/nmarsollier/authgo/rest/server/error.go:74.2,74.18 1 1
github.com/nmarsollier/authgo/rest/server/error.go:77.51,79.2 1 1
github.com/nmarsollier/authgo/rest/server/hedaer_authorization.go:13.58,16.65 2 1
github.com/nmarsollier/authgo/rest/server/hedaer_authorization.go:16.65,18.3 1 1
github.com/nmarsollier/authgo/rest/server/hedaer_authorization.go:20.2,20.30 1 1
github.com/nmarsollier/authgo/rest/server/hedaer_authorization.go:24.47,26.2 1 1
github.com/nmarsollier/authgo/rest/server/hedaer_authorization.go:28.60,31.16 3 1
github.com/nmarsollier/authgo/rest/server/hedaer_authorization.go:31.16,34.3 2 1
github.com/nmarsollier/authgo/rest/server/hedaer_authorization.go:36.2,37.16 2 1
github.com/nmarsollier/authgo/rest/server/hedaer_authorization.go:37.16,40.3 2 1
github.com/nmarsollier/authgo/rest/server/hedaer_authorization.go:42.2,44.21 2 1
github.com/nmarsollier/authgo/rest/server/logger.go:9.71,15.2 1 1
github.com/nmarsollier/authgo/rest/server/logger.go:17.62,18.30 1 1
github.com/nmarsollier/authgo/rest/server/logger.go:18.30,24.36 4 1
github.com/nmarsollier/authgo/rest/server/logger.go:24.36,27.4 2 1
github.com/nmarsollier/authgo/rest/server/logger.go:31.48,33.12 2 1
github.com/nmarsollier/authgo/rest/server/logger.go:33.12,35.3 1 0
github.com/nmarsollier/authgo/rest/server/logger.go:36.2,36.33 1 1
github.com/nmarsollier/authgo/rest/server/logger.go:39.46,42.21 2 1
github.com/nmarsollier/authgo/rest/server/logger.go:42.21,44.3 1 1
github.com/nmarsollier/authgo/rest/server/logger.go:46.2,46.14 1 1
github.com/nmarsollier/authgo/rest/server/server.go:16.45,17.19 1 1
github.com/nmarsollier/authgo/rest/server/server.go:17.19,37.3 6 1
github.com/nmarsollier/authgo/rest/server/server.go:39.2,39.15 1 1
github.com/nmarsollier/authgo/rest/server/server.go:42.48,45.2 2 1
github.com/nmarsollier/authgo/rest/server/server.go:49.43,52.40 2 1
github.com/nmarsollier/authgo/rest/server/server.go:52.40,54.3 1 1
github.com/nmarsollier/authgo/rest/server/server.go:56.2,58.12 2 1
github.com/nmarsollier/authgo/rest/server/test_utils.go:16.49,19.18 3 1
github.com/nmarsollier/authgo/rest/server/test_utils.go:19.18,20.35 1 1
github.com/nmarsollier/authgo/rest/server/test_utils.go:20.35,23.4 2 1
github.com/nmarsollier/authgo/rest/server/test_utils.go:25.2,25.15 1 1
github.com/nmarsollier/authgo/rest/server/test_utils.go:30.97,32.26 2 1
github.com/nmarsollier/authgo/rest/server/test_utils.go:32.26,34.3 1 1
github.com/nmarsollier/authgo/rest/server/test_utils.go:35.2,36.15 2 1
github.com/nmarsollier/authgo/rest/server/test_utils.go:39.116,43.26 3 1
github.com/nmarsollier/authgo/rest/server/test_utils.go:43.26,45.3 1 1
github.com/nmarsollier/authgo/rest/server/test_utils.go:46.2,47.15 2 1
github.com/nmarsollier/authgo/rest/server/test_utils.go:51.69,58.2 4 1
github.com/nmarsollier/authgo/rest/server/test_utils.go:60.73,66.2 4 1
github.com/nmarsollier/authgo/rest/server/test_utils.go:68.76,70.2 1 1
github.com/nmarsollier/authgo/rest/server/test_utils.go:72.72,74.2 1 1
github.com/nmarsollier/authgo/rest/server/validate_admin.go:11.36,14.16 2 1
github.com/nmarsollier/authgo/rest/server/validate_admin.go:14.16,18.3 3 1
github.com/nmarsollier/authgo/rest/server/validate_admin.go:20.2,24.58 4 1
github.com/nmarsollier/authgo/rest/server/validate_admin.go:24.58,28.3 3 1
github.com/nmarsollier/authgo/rest/server/validate_logged_in.go:10.39,12.16 2 1
github.com/nmarsollier/authgo/rest/server/validate_logged_in.go:12.16,16.3 3 1
github.com/nmarsollier/authgo/rest/server/validate_logged_in.go:18.2,19.87 2 1
github.com/nmarsollier/authgo/token/cache.go:13.35,15.16 2 1
github.com/nmarsollier/authgo/token/cache.go:15.16,17.3 1 0
github.com/nmarsollier/authgo/token/cache.go:18.2,19.12 2 1
github.com/nmarsollier/authgo/token/cache.go:22.51,24.45 1 1
github.com/nmarsollier/authgo/token/cache.go:24.45,25.38 1 1
github.com/nmarsollier/authgo/token/cache.go:25.38,27.4 1 1
github.com/nmarsollier/authgo/token/cache.go:30.2,30.27 1 1
github.com/nmarsollier/authgo/token/cache.go:34.32,35.51 1 1
github.com/nmarsollier/authgo/token/cache.go:35.51,37.3 1 1
github.com/nmarsollier/authgo/token/create_service.go:8.76,10.16 2 1
github.com/nmarsollier/authgo/token/create_service.go:10.16,12.3 1 1
github.com/nmarsollier/authgo/token/create_service.go:14.2,16.19 2 1
github.com/nmarsollier/authgo/token/find_service.go:4.63,6.16 2 1
github.com/nmarsollier/authgo/token/find_service.go:6.16,8.3 1 1
github.com/nmarsollier/authgo/token/find_service.go:10.2,12.19 2 1
github.com/nmarsollier/authgo/token/invalidate_service.go:10.63,12.16 2 1
github.com/nmarsollier/authgo/token/invalidate_service.go:12.16,14.3 1 0
github.com/nmarsollier/authgo/token/invalidate_service.go:16.2,16.48 1 1
github.com/nmarsollier/authgo/token/invalidate_service.go:16.48,18.3 1 1
github.com/nmarsollier/authgo/token/invalidate_service.go:20.2,22.12 2 1
github.com/nmarsollier/authgo/token/invalidate_service.go:22.12,23.73 1 1
github.com/nmarsollier/authgo/token/invalidate_service.go:23.73,25.4 1 0
github.com/nmarsollier/authgo/token/invalidate_service.go:28.2,28.12 1 1
github.com/nmarsollier/authgo/token/repository.go:16.67,17.24 1 1
github.com/nmarsollier/authgo/token/repository.go:17.24,18.43 1 1
github.com/nmarsollier/authgo/token/repository.go:18.43,20.4 1 1
github.com/nmarsollier/authgo/token/repository.go:23.2,23.23 1 0
github.com/nmarsollier/authgo/token/repository.go:23.23,25.3 1 0
github.com/nmarsollier/authgo/token/repository.go:27.2,28.16 2 0
github.com/nmarsollier/authgo/token/repository.go:28.16,31.3 2 0
github.com/nmarsollier/authgo/token/repository.go:33.2,43.16 3 0
github.com/nmarsollier/authgo/token/repository.go:43.16,46.3 2 0
github.com/nmarsollier/authgo/token/repository.go:48.2,50.24 2 0
github.com/nmarsollier/authgo/token/repository.go:54.76,56.16 2 1
github.com/nmarsollier/authgo/token/repository.go:56.16,59.3 2 0
github.com/nmarsollier/authgo/token/repository.go:61.2,64.16 3 1
github.com/nmarsollier/authgo/token/repository.go:64.16,67.3 2 1
github.com/nmarsollier/authgo/token/repository.go:69.2,69.19 1 1
github.com/nmarsollier/authgo/token/repository.go:73.67,75.16 2 1
github.com/nmarsollier/authgo/token/repository.go:75.16,78.3 2 0
github.com/nmarsollier/authgo/token/repository.go:80.2,81.16 2 1
github.com/nmarsollier/authgo/token/repository.go:81.16,84.3 2 0
github.com/nmarsollier/authgo/token/repository.go:86.2,89.79 3 1
github.com/nmarsollier/authgo/token/repository.go:89.79,92.3 2 1
github.com/nmarsollier/authgo/token/repository.go:94.2,94.19 1 1
github.com/nmarsollier/authgo/token/repository.go:98.67,100.16 2 1
github.com/nmarsollier/authgo/token/repository.go:100.16,103.3 2 0
github.com/nmarsollier/authgo/token/repository.go:105.2,110.12 2 1
github.com/nmarsollier/authgo/token/schema.go:20.49,26.2 1 1
github.com/nmarsollier/authgo/token/schema.go:29.39,37.16 3 1
github.com/nmarsollier/authgo/token/schema.go:37.16,39.3 1 0
github.com/nmarsollier/authgo/token/schema.go:41.2,41.25 1 1
github.com/nmarsollier/authgo/token/schema.go:45.65,46.83 1 1
github.com/nmarsollier/authgo/token/schema.go:46.83,47.58 1 1
github.com/nmarsollier/authgo/token/schema.go:47.58,49.4 1 0
github.com/nmarsollier/authgo/token/schema.go:51.3,51.42 1 1
github.com/nmarsollier/authgo/token/schema.go:54.2,54.32 1 1
github.com/nmarsollier/authgo/token/schema.go:54.32,56.3 1 1
github.com/nmarsollier/authgo/token/schema.go:58.2,60.9 2 1
github.com/nmarsollier/authgo/token/schema.go:60.9,62.3 1 0
github.com/nmarsollier/authgo/token/schema.go:64.2,67.29 3 1
github.com/nmarsollier/authgo/token/test_tools.go:12.35,22.2 3 1
github.com/nmarsollier/authgo/token/test_tools.go:24.84,26.70 1 1
github.com/nmarsollier/authgo/token/test_tools.go:26.70,30.4 2 1
github.com/nmarsollier/authgo/token/test_tools.go:34.91,36.77 1 1
github.com/nmarsollier/authgo/token/test_tools.go:36.77,41.4 3 1
github.com/nmarsollier/authgo/token/validate_service.go:8.71,9.53 1 1
github.com/nmarsollier/authgo/token/validate_service.go:9.53,11.3 1 1
github.com/nmarsollier/authgo/token/validate_service.go:14.2,15.16 2 1
github.com/nmarsollier/authgo/token/validate_service.go:15.16,17.3 1 1
github.com/nmarsollier/authgo/token/validate_service.go:20.2,21.34 2 1
github.com/nmarsollier/authgo/token/validate_service.go:21.34,23.3 1 1
github.com/nmarsollier/authgo/token/validate_service.go:25.2,25.19 1 1
github.com/nmarsollier/authgo/tools/db/connection.go:15.55,16.21 1 0
github.com/nmarsollier/authgo/tools/db/connection.go:16.21,20.17 3 0
github.com/nmarsollier/authgo/tools/db/connection.go:20.17,23.4 2 0
github.com/nmarsollier/authgo/tools/db/connection.go:25.3,25.37 1 0
github.com/nmarsollier/authgo/tools/db/connection.go:27.2,27.22 1 0
github.com/nmarsollier/authgo/tools/db/mongo_collection.go:19.71,23.2 1 0
github.com/nmarsollier/authgo/tools/db/mongo_collection.go:29.97,30.85 1 0
github.com/nmarsollier/authgo/tools/db/mongo_collection.go:30.85,32.3 1 0
github.com/nmarsollier/authgo/tools/db/mongo_collection.go:33.2,33.12 1 0
github.com/nmarsollier/authgo/tools/db/mongo_collection.go:36.110,38.16 2 0
github.com/nmarsollier/authgo/tools/db/mongo_collection.go:38.16,40.3 1 0
github.com/nmarsollier/authgo/tools/db/mongo_collection.go:41.2,41.35 1 0
github.com/nmarsollier/authgo/tools/db/mongo_collection.go:44.128,46.16 2 0
github.com/nmarsollier/authgo/tools/db/mongo_collection.go:46.16,48.3 1 0
github.com/nmarsollier/authgo/tools/db/mongo_collection.go:49.2,49.38 1 0
github.com/nmarsollier/authgo/tools/db/mongo_collection.go:52.97,54.16 2 0
github.com/nmarsollier/authgo/tools/db/mongo_collection.go:54.16,56.3 1 0
github.com/nmarsollier/authgo/tools/db/mongo_collection.go:57.2,57.36 1 0
github.com/nmarsollier/authgo/tools/db/mongo_collection.go:66.50,70.2 1 0
github.com/nmarsollier/authgo/tools/db/mongo_collection.go:76.56,78.2 1 0
github.com/nmarsollier/authgo/tools/db/mongo_collection.go:80.54,82.2 1 0
github.com/nmarsollier/authgo/tools/db/mongo_collection.go:83.53,85.2 1 0
github.com/nmarsollier/authgo/tools/db/mongo_collection_mocks.go:26.75,30.2 3 1
github.com/nmarsollier/authgo/tools/db/mongo_collection_mocks.go:33.73,35.2 1 1
github.com/nmarsollier/authgo/tools/db/mongo_collection_mocks.go:38.93,44.2 5 1
github.com/nmarsollier/authgo/tools/db/mongo_collection_mocks.go:47.87,50.2 2 1
github.com/nmarsollier/authgo/tools/db/mongo_collection_mocks.go:53.89,58.2 4 1
github.com/nmarsollier/authgo/tools/db/mongo_collection_mocks.go:61.93,64.2 2 1
github.com/nmarsollier/authgo/tools/db/mongo_collection_mocks.go:67.105,73.2 5 1
github.com/nmarsollier/authgo/tools/db/mongo_collection_mocks.go:76.94,79.2 2 1
github.com/nmarsollier/authgo/tools/db/mongo_collection_mocks.go:82.105,88.2 5 1
github.com/nmarsollier/authgo/tools/db/mongo_collection_mocks.go:91.100,94.2 2 1
github.com/nmarsollier/authgo/tools/db/mongo_collection_mocks.go:108.57,112.2 3 1
github.com/nmarsollier/authgo/tools/db/mongo_collection_mocks.go:115.55,117.2 1 1
github.com/nmarsollier/authgo/tools/db/mongo_collection_mocks.go:120.55,125.2 4 1
github.com/nmarsollier/authgo/tools/db/mongo_collection_mocks.go:128.71,131.2 2 1
github.com/nmarsollier/authgo/tools/db/mongo_collection_mocks.go:134.52,139.2 4 1
github.com/nmarsollier/authgo/tools/db/mongo_collection_mocks.go:142.72,145.2 2 1
github.com/nmarsollier/authgo/tools/db/mongo_collection_mocks.go:148.53,153.2 4 1
github.com/nmarsollier/authgo/tools/db/mongo_collection_mocks.go:156.70,159.2 2 1
github.com/nmarsollier/authgo/tools/db/test_tools.go:26.74,28.72 1 1
github.com/nmarsollier/authgo/tools/db/test_tools.go:28.72,30.4 1 1
github.com/nmarsollier/authgo/tools/db/test_tools.go:33.76,35.2 1 1
github.com/nmarsollier/authgo/tools/db/test_tools.go:37.76,39.2 1 1
github.com/nmarsollier/authgo/tools/db/test_tools.go:41.60,43.2 1 1
github.com/nmarsollier/authgo/tools/db/tools.go:9.40,10.47 1 1
github.com/nmarsollier/authgo/tools/db/tools.go:10.47,12.3 1 0
github.com/nmarsollier/authgo/tools/db/tools.go:16.41,17.48 1 1
github.com/nmarsollier/authgo/tools/db/tools.go:17.48,18.46 1 1
github.com/nmarsollier/authgo/tools/db/tools.go:18.46,19.41 1 1
github.com/nmarsollier/authgo/tools/db/tools.go:19.41,21.5 1 1
github.com/nmarsollier/authgo/tools/db/tools.go:24.2,24.14 1 1
github.com/nmarsollier/authgo/tools/env/env.go:20.27,29.2 1 1
github.com/nmarsollier/authgo/tools/env/env.go:32.27,33.19 1 1
github.com/nmarsollier/authgo/tools/env/env.go:33.19,35.3 1 1
github.com/nmarsollier/authgo/tools/env/env.go:37.2,37.15 1 1
github.com/nmarsollier/authgo/tools/env/env.go:41.28,44.54 2 1
github.com/nmarsollier/authgo/tools/env/env.go:44.54,46.3 1 0
github.com/nmarsollier/authgo/tools/env/env.go:48.2,48.53 1 1
github.com/nmarsollier/authgo/tools/env/env.go:48.53,50.3 1 0
github.com/nmarsollier/authgo/tools/env/env.go:52.2,52.54 1 1
github.com/nmarsollier/authgo/tools/env/env.go:52.54,54.3 1 0
github.com/nmarsollier/authgo/tools/env/env.go:56.2,56.48 1 1
github.com/nmarsollier/authgo/tools/env/env.go:56.48,57.53 1 0
github.com/nmarsollier/authgo/tools/env/env.go:57.53,59.4 1 0
github.com/nmarsollier/authgo/tools/env/env.go:62.2,62.52 1 1
github.com/nmarsollier/authgo/tools/env/env.go:62.52,63.53 1 0
github.com/nmarsollier/authgo/tools/env/env.go:63.53,65.4 1 0
github.com/nmarsollier/authgo/tools/env/env.go:68.2,68.54 1 1
github.com/nmarsollier/authgo/tools/env/env.go:68.54,70.3 1 0
github.com/nmarsollier/authgo/tools/env/env.go:72.2,72.15 1 1
github.com/nmarsollier/authgo/tools/errs/rest_error.go:17.57,22.2 1 1
github.com/nmarsollier/authgo/tools/errs/rest_error.go:38.36,40.2 1 1
github.com/nmarsollier/authgo/tools/errs/rest_error.go:43.34,45.2 1 1
github.com/nmarsollier/authgo/tools/errs/validation.go:14.33,18.2 1 1
github.com/nmarsollier/authgo/tools/errs/validation.go:24.40,26.16 2 1
github.com/nmarsollier/authgo/tools/errs/validation.go:26.16,28.3 1 0
github.com/nmarsollier/authgo/tools/errs/validation.go:29.2,29.21 1 1
github.com/nmarsollier/authgo/tools/errs/validation.go:33.69,40.2 3 1
github.com/nmarsollier/authgo/tools/log/logger.go:24.42,25.24 1 1
github.com/nmarsollier/authgo/tools/log/logger.go:25.24,26.36 1 1
github.com/nmarsollier/authgo/tools/log/logger.go:26.36,28.4 1 1
github.com/nmarsollier/authgo/tools/log/logger.go:30.2,35.35 5 1
github.com/nmarsollier/authgo/tools/log/logger.go:38.45,40.16 2 1
github.com/nmarsollier/authgo/tools/log/logger.go:40.16,51.3 3 0
github.com/nmarsollier/authgo/tools/log/logger.go:59.67,61.16 2 0
github.com/nmarsollier/authgo/tools/log/logger.go:61.16,63.3 1 0
github.com/nmarsollier/authgo/tools/log/logger.go:64.2,64.12 1 0
github.com/nmarsollier/authgo/tools/log/logger.go:67.59,69.2 1 0
github.com/nmarsollier/authgo/tools/log/logger.go:71.49,74.2 2 0
github.com/nmarsollier/authgo/tools/log/logrus_logger.go:18.49,20.2 1 1
github.com/nmarsollier/authgo/tools/log/logrus_logger.go:22.75,26.2 1 1
github.com/nmarsollier/authgo/tools/log/logrus_logger.go:28.48,30.2 1 1
github.com/nmarsollier/authgo/tools/log/logrus_logger.go:32.48,34.2 1 0
github.com/nmarsollier/authgo/tools/log/logrus_logger.go:36.49,38.2 1 0
github.com/nmarsollier/authgo/tools/log/logrus_logger.go:40.43,42.2 1 0
github.com/nmarsollier/authgo/tools/log/logrus_logger_mocks.go:26.67,30.2 3 1
github.com/nmarsollier/authgo/tools/log/logrus_logger_mocks.go:33.65,35.2 1 1
github.com/nmarsollier/authgo/tools/log/logrus_logger_mocks.go:38.48,43.2 4 1
github.com/nmarsollier/authgo/tools/log/logrus_logger_mocks.go:46.60,49.2 2 1
github.com/nmarsollier/authgo/tools/log/logrus_logger_mocks.go:52.54,55.25 3 1
github.com/nmarsollier/authgo/tools/log/logrus_logger_mocks.go:55.25,57.3 1 1
github.com/nmarsollier/authgo/tools/log/logrus_logger_mocks.go:58.2,58.37 1 1
github.com/nmarsollier/authgo/tools/log/logrus_logger_mocks.go:62.80,65.2 2 1
github.com/nmarsollier/authgo/tools/log/logrus_logger_mocks.go:68.54,71.25 3 0
github.com/nmarsollier/authgo/tools/log/logrus_logger_mocks.go:71.25,73.3 1 0
github.com/nmarsollier/authgo/tools/log/logrus_logger_mocks.go:74.2,74.37 1 0
github.com/nmarsollier/authgo/tools/log/logrus_logger_mocks.go:78.80,81.2 2 1
github.com/nmarsollier/authgo/tools/log/logrus_logger_mocks.go:84.53,87.25 3 1
github.com/nmarsollier/authgo/tools/log/logrus_logger_mocks.go:87.25,89.3 1 1
github.com/nmarsollier/authgo/tools/log/logrus_logger_mocks.go:90.2,90.36 1 1
github.com/nmarsollier/authgo/tools/log/logrus_logger_mocks.go:94.79,97.2 2 1
github.com/nmarsollier/authgo/tools/log/logrus_logger_mocks.go:100.53,103.25 3 1
github.com/nmarsollier/authgo/tools/log/logrus_logger_mocks.go:103.25,105.3 1 1
github.com/nmarsollier/authgo/tools/log/logrus_logger_mocks.go:106.2,106.36 1 1
github.com/nmarsollier/authgo/tools/log/logrus_logger_mocks.go:110.79,113.2 2 1
github.com/nmarsollier/authgo/tools/log/logrus_logger_mocks.go:116.80,121.2 4 1
github.com/nmarsollier/authgo/tools/log/logrus_logger_mocks.go:124.87,127.2 2 1
github.com/nmarsollier/authgo/tools/log/test_tools.go:8.154,21.2 8 1
github.com/nmarsollier/authgo/user/change_password_service.go:4.98,6.16 2 1
github.com/nmarsollier/authgo/user/change_password_service.go:6.16,8.3 1 1
github.com/nmarsollier/authgo/user/change_password_service.go:10.2,10.54 1 1
github.com/nmarsollier/authgo/user/change_password_service.go:10.54,12.3 1 1
github.com/nmarsollier/authgo/user/change_password_service.go:14.2,14.57 1 1
github.com/nmarsollier/authgo/user/change_password_service.go:14.57,16.3 1 0
github.com/nmarsollier/authgo/user/change_password_service.go:18.2,20.12 2 1
github.com/nmarsollier/authgo/user/disable_service.go:4.55,6.16 2 1
github.com/nmarsollier/authgo/user/disable_service.go:6.16,8.3 1 1
github.com/nmarsollier/authgo/user/disable_service.go:10.2,14.12 3 1
github.com/nmarsollier/authgo/user/enable_service.go:4.54,6.16 2 1
github.com/nmarsollier/authgo/user/enable_service.go:6.16,8.3 1 1
github.com/nmarsollier/authgo/user/enable_service.go:10.2,13.12 3 1
github.com/nmarsollier/authgo/user/find_all_service.go:4.60,8.16 2 1
github.com/nmarsollier/authgo/user/find_all_service.go:8.16,10.3 1 1
github.com/nmarsollier/authgo/user/find_all_service.go:12.2,13.39 2 1
github.com/nmarsollier/authgo/user/find_all_service.go:13.39,21.3 1 1
github.com/nmarsollier/authgo/user/find_all_service.go:23.2,23.20 1 1
github.com/nmarsollier/authgo/user/get_service.go:8.64,10.16 2 1
github.com/nmarsollier/authgo/user/get_service.go:10.16,12.3 1 1
github.com/nmarsollier/authgo/user/get_service.go:14.2,14.19 1 1
github.com/nmarsollier/authgo/user/get_service.go:14.19,16.3 1 1
github.com/nmarsollier/authgo/user/get_service.go:18.2,24.8 1 1
github.com/nmarsollier/authgo/user/grant_service.go:4.75,6.16 2 1
github.com/nmarsollier/authgo/user/grant_service.go:6.16,8.3 1 1
github.com/nmarsollier/authgo/user/grant_service.go:10.2,10.36 1 1
github.com/nmarsollier/authgo/user/grant_service.go:10.36,12.3 1 1
github.com/nmarsollier/authgo/user/grant_service.go:13.2,15.12 2 1
github.com/nmarsollier/authgo/user/granted_service.go:4.73,6.16 2 1
github.com/nmarsollier/authgo/user/granted_service.go:6.16,8.3 1 1
github.com/nmarsollier/authgo/user/granted_service.go:10.2,10.32 1 1
github.com/nmarsollier/authgo/user/repository.go:36.67,37.24 1 1
github.com/nmarsollier/authgo/user/repository.go:37.24,38.45 1 1
github.com/nmarsollier/authgo/user/repository.go:38.45,40.4 1 1
github.com/nmarsollier/authgo/user/repository.go:43.2,43.23 1 0
github.com/nmarsollier/authgo/user/repository.go:43.23,45.3 1 0
github.com/nmarsollier/authgo/user/repository.go:47.2,48.16 2 0
github.com/nmarsollier/authgo/user/repository.go:48.16,51.3 2 0
github.com/nmarsollier/authgo/user/repository.go:53.2,62.16 3 0
github.com/nmarsollier/authgo/user/repository.go:62.16,64.3 1 0
github.com/nmarsollier/authgo/user/repository.go:66.2,67.24 2 0
github.com/nmarsollier/authgo/user/repository.go:70.60,71.46 1 1
github.com/nmarsollier/authgo/user/repository.go:71.46,74.3 2 1
github.com/nmarsollier/authgo/user/repository.go:76.2,77.16 2 1
github.com/nmarsollier/authgo/user/repository.go:77.16,80.3 2 0
github.com/nmarsollier/authgo/user/repository.go:82.2,82.76 1 1
github.com/nmarsollier/authgo/user/repository.go:82.76,85.3 2 1
github.com/nmarsollier/authgo/user/repository.go:87.2,87.18 1 1
github.com/nmarsollier/authgo/user/repository.go:90.60,91.46 1 1
github.com/nmarsollier/authgo/user/repository.go:91.46,94.3 2 0
github.com/nmarsollier/authgo/user/repository.go:96.2,97.16 2 1
github.com/nmarsollier/authgo/user/repository.go:97.16,100.3 2 0
github.com/nmarsollier/authgo/user/repository.go:102.2,117.16 3 1
github.com/nmarsollier/authgo/user/repository.go:117.16,120.3 2 1
github.com/nmarsollier/authgo/user/repository.go:122.2,122.18 1 1
github.com/nmarsollier/authgo/user/repository.go:126.51,128.16 2 1
github.com/nmarsollier/authgo/user/repository.go:128.16,131.3 2 0
github.com/nmarsollier/authgo/user/repository.go:133.2,135.16 3 1
github.com/nmarsollier/authgo/user/repository.go:135.16,138.3 2 1
github.com/nmarsollier/authgo/user/repository.go:139.2,142.37 3 1
github.com/nmarsollier/authgo/user/repository.go:142.37,144.42 2 1
github.com/nmarsollier/authgo/user/repository.go:144.42,146.4 1 0
github.com/nmarsollier/authgo/user/repository.go:147.3,147.30 1 1
github.com/nmarsollier/authgo/user/repository.go:150.2,150.19 1 1
github.com/nmarsollier/authgo/user/repository.go:154.65,156.16 2 1
github.com/nmarsollier/authgo/user/repository.go:156.16,159.3 2 0
github.com/nmarsollier/authgo/user/repository.go:161.2,162.16 2 1
github.com/nmarsollier/authgo/user/repository.go:162.16,165.3 2 0
github.com/nmarsollier/authgo/user/repository.go:167.2,169.78 3 1
github.com/nmarsollier/authgo/user/repository.go:169.78,172.3 2 1
github.com/nmarsollier/authgo/user/repository.go:174.2,174.18 1 1
github.com/nmarsollier/authgo/user/repository.go:178.67,180.16 2 1
github.com/nmarsollier/authgo/user/repository.go:180.16,183.3 2 0
github.com/nmarsollier/authgo/user/repository.go:185.2,188.16 4 1
github.com/nmarsollier/authgo/user/repository.go:188.16,190.34 2 1
github.com/nmarsollier/authgo/user/repository.go:190.34,192.4 1 1
github.com/nmarsollier/authgo/user/repository.go:193.3,193.18 1 1
github.com/nmarsollier/authgo/user/repository.go:196.2,196.18 1 1
github.com/nmarsollier/authgo/user/revoke_service.go:4.76,6.16 2 1
github.com/nmarsollier/authgo/user/revoke_service.go:6.16,8.3 1 1
github.com/nmarsollier/authgo/user/revoke_service.go:10.2,10.36 1 1
github.com/nmarsollier/authgo/user/revoke_service.go:10.36,12.3 1 1
github.com/nmarsollier/authgo/user/revoke_service.go:13.2,15.12 2 1
github.com/nmarsollier/authgo/user/schema.go:24.22,32.2 1 1
github.com/nmarsollier/authgo/user/schema.go:35.50,37.16 2 1
github.com/nmarsollier/authgo/user/schema.go:37.16,39.3 1 0
github.com/nmarsollier/authgo/user/schema.go:41.2,42.12 2 1
github.com/nmarsollier/authgo/user/schema.go:46.56,47.92 1 1
github.com/nmarsollier/authgo/user/schema.go:47.92,49.3 1 1
github.com/nmarsollier/authgo/user/schema.go:50.2,50.12 1 1
github.com/nmarsollier/authgo/user/schema.go:54.48,55.34 1 1
github.com/nmarsollier/authgo/user/schema.go:55.34,56.22 1 1
github.com/nmarsollier/authgo/user/schema.go:56.22,58.4 1 1
github.com/nmarsollier/authgo/user/schema.go:60.2,60.14 1 1
github.com/nmarsollier/authgo/user/schema.go:64.41,65.28 1 1
github.com/nmarsollier/authgo/user/schema.go:65.28,67.3 1 1
github.com/nmarsollier/authgo/user/schema.go:71.42,72.27 1 1
github.com/nmarsollier/authgo/user/schema.go:72.27,74.35 2 1
github.com/nmarsollier/authgo/user/schema.go:74.35,75.23 1 1
github.com/nmarsollier/authgo/user/schema.go:75.23,77.5 1 1
github.com/nmarsollier/authgo/user/schema.go:79.3,79.33 1 1
github.com/nmarsollier/authgo/user/schema.go:84.39,86.2 1 1
github.com/nmarsollier/authgo/user/schema.go:88.50,90.16 2 1
github.com/nmarsollier/authgo/user/schema.go:90.16,92.3 1 0
github.com/nmarsollier/authgo/user/schema.go:94.2,94.26 1 1
github.com/nmarsollier/authgo/user/signin_service.go:18.77,20.16 2 1
github.com/nmarsollier/authgo/user/signin_service.go:20.16,22.3 1 1
github.com/nmarsollier/authgo/user/signin_service.go:24.2,24.19 1 1
github.com/nmarsollier/authgo/user/signin_service.go:24.19,26.3 1 1
github.com/nmarsollier/authgo/user/signin_service.go:28.2,28.60 1 1
github.com/nmarsollier/authgo/user/signin_service.go:28.60,30.3 1 1
github.com/nmarsollier/authgo/user/signin_service.go:32.2,33.16 2 1
github.com/nmarsollier/authgo/user/signin_service.go:33.16,35.3 1 1
github.com/nmarsollier/authgo/user/signin_service.go:37.2,38.16 2 1
github.com/nmarsollier/authgo/user/signin_service.go:38.16,40.3 1 0
github.com/nmarsollier/authgo/user/signin_service.go:42.2,42.48 1 1
github.com/nmarsollier/authgo/user/signup_service.go:16.78,23.16 6 1
github.com/nmarsollier/authgo/user/signup_service.go:23.16,25.3 1 1
github.com/nmarsollier/authgo/user/signup_service.go:27.2,28.16 2 1
github.com/nmarsollier/authgo/user/signup_service.go:28.16,30.3 1 1
github.com/nmarsollier/authgo/user/signup_service.go:32.2,33.16 2 1
github.com/nmarsollier/authgo/user/signup_service.go:33.16,35.3 1 0
github.com/nmarsollier/authgo/user/signup_service.go:37.2,37.48 1 1
github.com/nmarsollier/authgo/user/test_tools.go:9.33,17.2 7 1
github.com/nmarsollier/authgo/user/test_tools.go:19.38,27.2 7 1
github.com/nmarsollier/authgo/user/test_tools.go:29.81,31.69 1 1
github.com/nmarsollier/authgo/user/test_tools.go:31.69,34.4 2 1
github.com/nmarsollier/authgo/user/user_response.go:11.29,11.30 0 0
