mode: set
github.com/nmarsollier/authgo/token/cache.go:13.35,15.16 2 0
github.com/nmarsollier/authgo/token/cache.go:15.16,17.3 1 0
github.com/nmarsollier/authgo/token/cache.go:18.2,19.12 2 0
github.com/nmarsollier/authgo/token/cache.go:22.51,24.45 1 0
github.com/nmarsollier/authgo/token/cache.go:24.45,25.38 1 0
github.com/nmarsollier/authgo/token/cache.go:25.38,27.4 1 0
github.com/nmarsollier/authgo/token/cache.go:30.2,30.27 1 0
github.com/nmarsollier/authgo/token/cache.go:34.32,35.51 1 0
github.com/nmarsollier/authgo/token/cache.go:35.51,37.3 1 0
github.com/nmarsollier/authgo/token/create_service.go:4.65,6.16 2 0
github.com/nmarsollier/authgo/token/create_service.go:6.16,8.3 1 0
github.com/nmarsollier/authgo/token/create_service.go:10.2,12.19 2 0
github.com/nmarsollier/authgo/token/find_service.go:4.64,6.16 2 0
github.com/nmarsollier/authgo/token/find_service.go:6.16,8.3 1 0
github.com/nmarsollier/authgo/token/find_service.go:10.2,12.19 2 0
github.com/nmarsollier/authgo/token/invalidate_service.go:10.64,12.16 2 0
github.com/nmarsollier/authgo/token/invalidate_service.go:12.16,14.3 1 0
github.com/nmarsollier/authgo/token/invalidate_service.go:16.2,16.49 1 0
github.com/nmarsollier/authgo/token/invalidate_service.go:16.49,18.3 1 0
github.com/nmarsollier/authgo/token/invalidate_service.go:20.2,22.12 2 0
github.com/nmarsollier/authgo/token/invalidate_service.go:22.12,23.74 1 0
github.com/nmarsollier/authgo/token/invalidate_service.go:23.74,25.4 1 0
github.com/nmarsollier/authgo/token/invalidate_service.go:28.2,28.12 1 0
github.com/nmarsollier/authgo/token/repository.go:12.75,16.16 3 0
github.com/nmarsollier/authgo/token/repository.go:16.16,20.3 2 0
github.com/nmarsollier/authgo/token/repository.go:22.2,24.16 3 0
github.com/nmarsollier/authgo/token/repository.go:24.16,27.3 2 0
github.com/nmarsollier/authgo/token/repository.go:29.2,29.19 1 0
github.com/nmarsollier/authgo/token/repository.go:33.68,35.16 2 0
github.com/nmarsollier/authgo/token/repository.go:35.16,39.3 2 0
github.com/nmarsollier/authgo/token/repository.go:41.2,43.16 3 0
github.com/nmarsollier/authgo/token/repository.go:43.16,45.3 1 0
github.com/nmarsollier/authgo/token/repository.go:47.2,47.20 1 0
github.com/nmarsollier/authgo/token/repository.go:51.62,53.16 2 0
github.com/nmarsollier/authgo/token/repository.go:53.16,57.3 2 0
github.com/nmarsollier/authgo/token/repository.go:59.2,60.16 2 0
github.com/nmarsollier/authgo/token/repository.go:60.16,62.3 1 0
github.com/nmarsollier/authgo/token/repository.go:64.2,64.8 1 0
github.com/nmarsollier/authgo/token/schema.go:20.37,26.2 1 0
github.com/nmarsollier/authgo/token/schema.go:29.39,37.16 3 0
github.com/nmarsollier/authgo/token/schema.go:37.16,39.3 1 0
github.com/nmarsollier/authgo/token/schema.go:41.2,41.25 1 0
github.com/nmarsollier/authgo/token/schema.go:45.65,46.83 1 0
github.com/nmarsollier/authgo/token/schema.go:46.83,47.58 1 0
github.com/nmarsollier/authgo/token/schema.go:47.58,49.4 1 0
github.com/nmarsollier/authgo/token/schema.go:51.3,51.42 1 0
github.com/nmarsollier/authgo/token/schema.go:54.2,54.32 1 0
github.com/nmarsollier/authgo/token/schema.go:54.32,56.3 1 0
github.com/nmarsollier/authgo/token/schema.go:58.2,60.9 2 0
github.com/nmarsollier/authgo/token/schema.go:60.9,62.3 1 0
github.com/nmarsollier/authgo/token/schema.go:64.2,67.29 3 0
github.com/nmarsollier/authgo/token/validate_service.go:8.72,9.53 1 0
github.com/nmarsollier/authgo/token/validate_service.go:9.53,11.3 1 0
github.com/nmarsollier/authgo/token/validate_service.go:14.2,15.16 2 0
github.com/nmarsollier/authgo/token/validate_service.go:15.16,17.3 1 0
github.com/nmarsollier/authgo/token/validate_service.go:20.2,21.34 2 0
github.com/nmarsollier/authgo/token/validate_service.go:21.34,23.3 1 0
github.com/nmarsollier/authgo/token/validate_service.go:25.2,25.19 1 0
