mode: set
github.com/nmarsollier/authgo/rest/server/admin_middleware.go:10.40,13.16 2 0
github.com/nmarsollier/authgo/rest/server/admin_middleware.go:13.16,17.3 3 0
github.com/nmarsollier/authgo/rest/server/admin_middleware.go:19.2,22.62 3 0
github.com/nmarsollier/authgo/rest/server/admin_middleware.go:22.62,26.3 3 0
github.com/nmarsollier/authgo/rest/server/auth_middleware.go:10.48,12.16 2 0
github.com/nmarsollier/authgo/rest/server/auth_middleware.go:12.16,16.3 3 0
github.com/nmarsollier/authgo/rest/server/auth_middleware.go:18.2,18.72 1 0
github.com/nmarsollier/authgo/rest/server/di_middleware.go:10.45,11.30 1 0
github.com/nmarsollier/authgo/rest/server/di_middleware.go:11.30,15.14 3 0
github.com/nmarsollier/authgo/rest/server/di_middleware.go:15.14,19.4 3 0
github.com/nmarsollier/authgo/rest/server/di_middleware.go:19.9,21.4 1 0
github.com/nmarsollier/authgo/rest/server/di_middleware.go:23.3,25.36 2 0
github.com/nmarsollier/authgo/rest/server/di_middleware.go:25.36,27.4 1 0
github.com/nmarsollier/authgo/rest/server/di_middleware.go:31.40,33.2 1 0
github.com/nmarsollier/authgo/rest/server/di_middleware.go:35.48,41.2 1 0
github.com/nmarsollier/authgo/rest/server/di_middleware.go:43.46,46.21 2 0
github.com/nmarsollier/authgo/rest/server/di_middleware.go:46.21,48.3 1 0
github.com/nmarsollier/authgo/rest/server/di_middleware.go:50.2,50.14 1 0
github.com/nmarsollier/authgo/rest/server/engine.go:16.27,17.19 1 0
github.com/nmarsollier/authgo/rest/server/engine.go:17.19,36.3 6 0
github.com/nmarsollier/authgo/rest/server/engine.go:38.2,38.15 1 0
github.com/nmarsollier/authgo/rest/server/engine.go:41.48,44.2 2 0
github.com/nmarsollier/authgo/rest/server/error_handler.go:15.35,18.2 2 0
github.com/nmarsollier/authgo/rest/server/error_handler.go:20.42,22.16 2 0
github.com/nmarsollier/authgo/rest/server/error_handler.go:22.16,24.3 1 0
github.com/nmarsollier/authgo/rest/server/error_handler.go:26.2,26.42 1 0
github.com/nmarsollier/authgo/rest/server/error_handler.go:26.42,29.3 2 0
github.com/nmarsollier/authgo/rest/server/error_handler.go:31.2,31.102 1 0
github.com/nmarsollier/authgo/rest/server/error_handler.go:31.102,35.3 3 0
github.com/nmarsollier/authgo/rest/server/error_handler.go:37.2,37.33 1 0
github.com/nmarsollier/authgo/rest/server/error_handler.go:38.22,39.21 1 0
github.com/nmarsollier/authgo/rest/server/error_handler.go:40.23,41.19 1 0
github.com/nmarsollier/authgo/rest/server/error_handler.go:42.34,43.34 1 0
github.com/nmarsollier/authgo/rest/server/error_handler.go:44.28,45.35 1 0
github.com/nmarsollier/authgo/rest/server/error_handler.go:45.35,47.4 1 0
github.com/nmarsollier/authgo/rest/server/error_handler.go:47.9,49.4 1 0
github.com/nmarsollier/authgo/rest/server/error_handler.go:50.13,53.5 1 0
github.com/nmarsollier/authgo/rest/server/error_handler.go:54.10,55.29 1 0
github.com/nmarsollier/authgo/rest/server/error_handler.go:59.89,62.37 2 0
github.com/nmarsollier/authgo/rest/server/error_handler.go:62.37,64.3 1 0
github.com/nmarsollier/authgo/rest/server/error_handler.go:66.2,66.18 1 0
github.com/nmarsollier/authgo/rest/server/error_handler.go:69.51,71.2 1 0
github.com/nmarsollier/authgo/rest/server/header_utils.go:12.58,15.65 2 0
github.com/nmarsollier/authgo/rest/server/header_utils.go:15.65,17.3 1 0
github.com/nmarsollier/authgo/rest/server/header_utils.go:19.2,19.30 1 0
github.com/nmarsollier/authgo/rest/server/header_utils.go:23.47,25.2 1 0
github.com/nmarsollier/authgo/rest/server/header_utils.go:27.60,30.16 3 0
github.com/nmarsollier/authgo/rest/server/header_utils.go:30.16,33.3 2 0
github.com/nmarsollier/authgo/rest/server/header_utils.go:35.2,36.16 2 0
github.com/nmarsollier/authgo/rest/server/header_utils.go:36.16,39.3 2 0
github.com/nmarsollier/authgo/rest/server/header_utils.go:41.2,43.21 2 0
