mode: set
github.com/nmarsollier/authgo/tools/env/env.go:22.27,33.2 1 1
github.com/nmarsollier/authgo/tools/env/env.go:36.27,37.19 1 0
github.com/nmarsollier/authgo/tools/env/env.go:37.19,39.3 1 0
github.com/nmarsollier/authgo/tools/env/env.go:41.2,41.15 1 0
github.com/nmarsollier/authgo/tools/env/env.go:45.28,48.54 2 1
github.com/nmarsollier/authgo/tools/env/env.go:48.54,50.3 1 1
github.com/nmarsollier/authgo/tools/env/env.go:52.2,52.61 1 1
github.com/nmarsollier/authgo/tools/env/env.go:52.61,54.3 1 1
github.com/nmarsollier/authgo/tools/env/env.go:56.2,56.65 1 1
github.com/nmarsollier/authgo/tools/env/env.go:56.65,58.3 1 1
github.com/nmarsollier/authgo/tools/env/env.go:60.2,60.54 1 1
github.com/nmarsollier/authgo/tools/env/env.go:60.54,62.3 1 1
github.com/nmarsollier/authgo/tools/env/env.go:64.2,64.54 1 1
github.com/nmarsollier/authgo/tools/env/env.go:64.54,66.3 1 1
github.com/nmarsollier/authgo/tools/env/env.go:68.2,68.48 1 1
github.com/nmarsollier/authgo/tools/env/env.go:68.48,69.53 1 1
github.com/nmarsollier/authgo/tools/env/env.go:69.53,71.4 1 1
github.com/nmarsollier/authgo/tools/env/env.go:74.2,74.52 1 1
github.com/nmarsollier/authgo/tools/env/env.go:74.52,75.53 1 0
github.com/nmarsollier/authgo/tools/env/env.go:75.53,77.4 1 0
github.com/nmarsollier/authgo/tools/env/env.go:80.2,80.54 1 1
github.com/nmarsollier/authgo/tools/env/env.go:80.54,82.3 1 1
github.com/nmarsollier/authgo/tools/env/env.go:84.2,84.15 1 1
