mode: set
github.com/nmarsollier/authgo/user/change_password_service.go:4.99,6.16 2 0
github.com/nmarsollier/authgo/user/change_password_service.go:6.16,8.3 1 0
github.com/nmarsollier/authgo/user/change_password_service.go:10.2,10.54 1 0
github.com/nmarsollier/authgo/user/change_password_service.go:10.54,12.3 1 0
github.com/nmarsollier/authgo/user/change_password_service.go:14.2,14.57 1 0
github.com/nmarsollier/authgo/user/change_password_service.go:14.57,16.3 1 0
github.com/nmarsollier/authgo/user/change_password_service.go:18.2,20.12 2 0
github.com/nmarsollier/authgo/user/disable_service.go:4.56,6.16 2 0
github.com/nmarsollier/authgo/user/disable_service.go:6.16,8.3 1 0
github.com/nmarsollier/authgo/user/disable_service.go:10.2,14.12 3 0
github.com/nmarsollier/authgo/user/enable_service.go:4.55,6.16 2 0
github.com/nmarsollier/authgo/user/enable_service.go:6.16,8.3 1 0
github.com/nmarsollier/authgo/user/enable_service.go:10.2,13.12 3 0
github.com/nmarsollier/authgo/user/find_all_service.go:4.61,8.16 2 0
github.com/nmarsollier/authgo/user/find_all_service.go:8.16,10.3 1 0
github.com/nmarsollier/authgo/user/find_all_service.go:12.2,13.39 2 0
github.com/nmarsollier/authgo/user/find_all_service.go:13.39,21.3 1 0
github.com/nmarsollier/authgo/user/find_all_service.go:23.2,23.20 1 0
github.com/nmarsollier/authgo/user/get_service.go:8.65,10.16 2 0
github.com/nmarsollier/authgo/user/get_service.go:10.16,12.3 1 0
github.com/nmarsollier/authgo/user/get_service.go:14.2,14.19 1 0
github.com/nmarsollier/authgo/user/get_service.go:14.19,16.3 1 0
github.com/nmarsollier/authgo/user/get_service.go:18.2,24.8 1 0
github.com/nmarsollier/authgo/user/grant_service.go:4.76,6.16 2 0
github.com/nmarsollier/authgo/user/grant_service.go:6.16,8.3 1 0
github.com/nmarsollier/authgo/user/grant_service.go:10.2,10.36 1 0
github.com/nmarsollier/authgo/user/grant_service.go:10.36,12.3 1 0
github.com/nmarsollier/authgo/user/grant_service.go:13.2,15.12 2 0
github.com/nmarsollier/authgo/user/granted_service.go:4.74,6.16 2 0
github.com/nmarsollier/authgo/user/granted_service.go:6.16,8.3 1 0
github.com/nmarsollier/authgo/user/granted_service.go:10.2,10.32 1 0
github.com/nmarsollier/authgo/user/repository.go:25.61,26.46 1 0
github.com/nmarsollier/authgo/user/repository.go:26.46,29.3 2 0
github.com/nmarsollier/authgo/user/repository.go:31.2,32.16 2 0
github.com/nmarsollier/authgo/user/repository.go:32.16,35.3 2 0
github.com/nmarsollier/authgo/user/repository.go:37.2,37.42 1 0
github.com/nmarsollier/authgo/user/repository.go:37.42,40.3 2 0
github.com/nmarsollier/authgo/user/repository.go:42.2,42.18 1 0
github.com/nmarsollier/authgo/user/repository.go:45.58,46.45 1 0
github.com/nmarsollier/authgo/user/repository.go:46.45,49.3 2 0
github.com/nmarsollier/authgo/user/repository.go:51.2,52.16 2 0
github.com/nmarsollier/authgo/user/repository.go:52.16,55.3 2 0
github.com/nmarsollier/authgo/user/repository.go:57.2,60.16 3 0
github.com/nmarsollier/authgo/user/repository.go:60.16,63.3 2 0
github.com/nmarsollier/authgo/user/repository.go:65.2,65.8 1 0
github.com/nmarsollier/authgo/user/repository.go:69.62,71.16 2 0
github.com/nmarsollier/authgo/user/repository.go:71.16,74.3 2 0
github.com/nmarsollier/authgo/user/repository.go:76.2,77.16 2 0
github.com/nmarsollier/authgo/user/repository.go:77.16,79.3 1 0
github.com/nmarsollier/authgo/user/repository.go:81.2,81.8 1 0
github.com/nmarsollier/authgo/user/repository.go:85.75,88.16 2 0
github.com/nmarsollier/authgo/user/repository.go:88.16,91.3 2 0
github.com/nmarsollier/authgo/user/repository.go:93.2,93.51 1 0
github.com/nmarsollier/authgo/user/repository.go:93.51,95.3 1 0
github.com/nmarsollier/authgo/user/repository.go:97.2,97.8 1 0
github.com/nmarsollier/authgo/user/repository.go:101.77,103.16 2 0
github.com/nmarsollier/authgo/user/repository.go:103.16,106.3 2 0
github.com/nmarsollier/authgo/user/repository.go:108.2,109.16 2 0
github.com/nmarsollier/authgo/user/repository.go:109.16,112.3 2 0
github.com/nmarsollier/authgo/user/repository.go:114.2,114.8 1 0
github.com/nmarsollier/authgo/user/revoke_service.go:4.77,6.16 2 0
github.com/nmarsollier/authgo/user/revoke_service.go:6.16,8.3 1 0
github.com/nmarsollier/authgo/user/revoke_service.go:10.2,10.36 1 0
github.com/nmarsollier/authgo/user/revoke_service.go:10.36,12.3 1 0
github.com/nmarsollier/authgo/user/revoke_service.go:13.2,15.12 2 0
github.com/nmarsollier/authgo/user/schema.go:24.22,32.2 1 0
github.com/nmarsollier/authgo/user/schema.go:35.50,37.16 2 0
github.com/nmarsollier/authgo/user/schema.go:37.16,39.3 1 0
github.com/nmarsollier/authgo/user/schema.go:41.2,42.12 2 0
github.com/nmarsollier/authgo/user/schema.go:46.56,47.92 1 0
github.com/nmarsollier/authgo/user/schema.go:47.92,49.3 1 0
github.com/nmarsollier/authgo/user/schema.go:50.2,50.12 1 0
github.com/nmarsollier/authgo/user/schema.go:54.48,55.34 1 0
github.com/nmarsollier/authgo/user/schema.go:55.34,56.22 1 0
github.com/nmarsollier/authgo/user/schema.go:56.22,58.4 1 0
github.com/nmarsollier/authgo/user/schema.go:60.2,60.14 1 0
github.com/nmarsollier/authgo/user/schema.go:64.41,65.28 1 0
github.com/nmarsollier/authgo/user/schema.go:65.28,67.3 1 0
github.com/nmarsollier/authgo/user/schema.go:71.42,72.27 1 0
github.com/nmarsollier/authgo/user/schema.go:72.27,74.35 2 0
github.com/nmarsollier/authgo/user/schema.go:74.35,75.23 1 0
github.com/nmarsollier/authgo/user/schema.go:75.23,77.5 1 0
github.com/nmarsollier/authgo/user/schema.go:79.3,79.33 1 0
github.com/nmarsollier/authgo/user/schema.go:84.39,86.2 1 0
github.com/nmarsollier/authgo/user/schema.go:88.50,90.16 2 0
github.com/nmarsollier/authgo/user/schema.go:90.16,92.3 1 0
github.com/nmarsollier/authgo/user/schema.go:94.2,94.26 1 0
github.com/nmarsollier/authgo/user/signin_service.go:18.78,20.16 2 0
github.com/nmarsollier/authgo/user/signin_service.go:20.16,22.3 1 0
github.com/nmarsollier/authgo/user/signin_service.go:24.2,24.19 1 0
github.com/nmarsollier/authgo/user/signin_service.go:24.19,26.3 1 0
github.com/nmarsollier/authgo/user/signin_service.go:28.2,28.60 1 0
github.com/nmarsollier/authgo/user/signin_service.go:28.60,30.3 1 0
github.com/nmarsollier/authgo/user/signin_service.go:32.2,33.16 2 0
github.com/nmarsollier/authgo/user/signin_service.go:33.16,35.3 1 0
github.com/nmarsollier/authgo/user/signin_service.go:37.2,38.16 2 0
github.com/nmarsollier/authgo/user/signin_service.go:38.16,40.3 1 0
github.com/nmarsollier/authgo/user/signin_service.go:42.2,42.48 1 0
github.com/nmarsollier/authgo/user/signup_service.go:16.79,23.16 6 0
github.com/nmarsollier/authgo/user/signup_service.go:23.16,25.3 1 0
github.com/nmarsollier/authgo/user/signup_service.go:27.2,28.16 2 0
github.com/nmarsollier/authgo/user/signup_service.go:28.16,30.3 1 0
github.com/nmarsollier/authgo/user/signup_service.go:32.2,33.16 2 0
github.com/nmarsollier/authgo/user/signup_service.go:33.16,35.3 1 0
github.com/nmarsollier/authgo/user/signup_service.go:37.2,37.48 1 0
github.com/nmarsollier/authgo/user/user_dao.go:36.55,37.25 1 0
github.com/nmarsollier/authgo/user/user_dao.go:37.25,38.36 1 0
github.com/nmarsollier/authgo/user/user_dao.go:38.36,40.4 1 0
github.com/nmarsollier/authgo/user/user_dao.go:43.2,44.17 2 0
github.com/nmarsollier/authgo/user/user_dao.go:44.17,55.17 3 0
github.com/nmarsollier/authgo/user/user_dao.go:55.17,58.4 2 0
github.com/nmarsollier/authgo/user/user_dao.go:60.3,62.4 1 0
github.com/nmarsollier/authgo/user/user_dao.go:65.2,65.27 1 0
github.com/nmarsollier/authgo/user/user_dao.go:72.55,75.16 3 0
github.com/nmarsollier/authgo/user/user_dao.go:75.16,77.3 1 0
github.com/nmarsollier/authgo/user/user_dao.go:79.2,83.59 2 0
github.com/nmarsollier/authgo/user/user_dao.go:83.59,85.3 1 0
github.com/nmarsollier/authgo/user/user_dao.go:87.2,88.16 2 0
github.com/nmarsollier/authgo/user/user_dao.go:88.16,90.3 1 0
github.com/nmarsollier/authgo/user/user_dao.go:92.2,92.19 1 0
github.com/nmarsollier/authgo/user/user_dao.go:95.60,99.16 2 0
github.com/nmarsollier/authgo/user/user_dao.go:99.16,101.3 1 0
github.com/nmarsollier/authgo/user/user_dao.go:103.2,111.44 2 0
github.com/nmarsollier/authgo/user/user_dao.go:111.44,113.3 1 0
github.com/nmarsollier/authgo/user/user_dao.go:115.2,117.16 3 0
github.com/nmarsollier/authgo/user/user_dao.go:117.16,119.3 1 0
github.com/nmarsollier/authgo/user/user_dao.go:121.2,121.19 1 0
github.com/nmarsollier/authgo/user/user_dao.go:124.44,126.16 2 0
github.com/nmarsollier/authgo/user/user_dao.go:126.16,128.3 1 0
github.com/nmarsollier/authgo/user/user_dao.go:130.2,137.16 2 0
github.com/nmarsollier/authgo/user/user_dao.go:137.16,139.3 1 0
github.com/nmarsollier/authgo/user/user_dao.go:140.2,140.12 1 0
github.com/nmarsollier/authgo/user/user_dao.go:143.44,147.16 2 0
github.com/nmarsollier/authgo/user/user_dao.go:147.16,149.3 1 0
github.com/nmarsollier/authgo/user/user_dao.go:151.2,158.16 2 0
github.com/nmarsollier/authgo/user/user_dao.go:158.16,160.3 1 0
github.com/nmarsollier/authgo/user/user_dao.go:162.2,171.16 2 0
github.com/nmarsollier/authgo/user/user_dao.go:171.16,173.3 1 0
github.com/nmarsollier/authgo/user/user_dao.go:174.2,174.12 1 0
github.com/nmarsollier/authgo/user/user_dao.go:177.46,181.16 2 0
github.com/nmarsollier/authgo/user/user_dao.go:181.16,183.3 1 0
github.com/nmarsollier/authgo/user/user_dao.go:185.2,187.16 3 0
github.com/nmarsollier/authgo/user/user_dao.go:187.16,189.3 1 0
github.com/nmarsollier/authgo/user/user_dao.go:191.2,191.19 1 0
github.com/nmarsollier/authgo/user/user_response.go:11.29,11.30 0 0
