mode: set
github.com/nmarsollier/authgo/internal/rest/server/admin_middleware.go:10.40,13.16 2 0
github.com/nmarsollier/authgo/internal/rest/server/admin_middleware.go:13.16,17.3 3 0
github.com/nmarsollier/authgo/internal/rest/server/admin_middleware.go:19.2,22.62 3 0
github.com/nmarsollier/authgo/internal/rest/server/admin_middleware.go:22.62,26.3 3 0
github.com/nmarsollier/authgo/internal/rest/server/auth_middleware.go:10.48,12.16 2 0
github.com/nmarsollier/authgo/internal/rest/server/auth_middleware.go:12.16,16.3 3 0
github.com/nmarsollier/authgo/internal/rest/server/auth_middleware.go:18.2,18.72 1 0
github.com/nmarsollier/authgo/internal/rest/server/di_middleware.go:11.45,12.30 1 0
github.com/nmarsollier/authgo/internal/rest/server/di_middleware.go:12.30,16.14 3 0
github.com/nmarsollier/authgo/internal/rest/server/di_middleware.go:16.14,20.4 3 0
github.com/nmarsollier/authgo/internal/rest/server/di_middleware.go:20.9,22.4 1 0
github.com/nmarsollier/authgo/internal/rest/server/di_middleware.go:24.3,26.36 2 0
github.com/nmarsollier/authgo/internal/rest/server/di_middleware.go:26.36,28.4 1 0
github.com/nmarsollier/authgo/internal/rest/server/di_middleware.go:32.40,34.2 1 0
github.com/nmarsollier/authgo/internal/rest/server/di_middleware.go:36.48,42.2 1 0
github.com/nmarsollier/authgo/internal/rest/server/di_middleware.go:44.46,47.21 2 0
github.com/nmarsollier/authgo/internal/rest/server/di_middleware.go:47.21,49.3 1 0
github.com/nmarsollier/authgo/internal/rest/server/di_middleware.go:51.2,51.14 1 0
github.com/nmarsollier/authgo/internal/rest/server/engine.go:16.27,17.19 1 0
github.com/nmarsollier/authgo/internal/rest/server/engine.go:17.19,36.3 6 0
github.com/nmarsollier/authgo/internal/rest/server/engine.go:38.2,38.15 1 0
github.com/nmarsollier/authgo/internal/rest/server/engine.go:41.48,44.2 2 0
github.com/nmarsollier/authgo/internal/rest/server/error_handler.go:16.35,19.2 2 0
github.com/nmarsollier/authgo/internal/rest/server/error_handler.go:21.42,23.16 2 0
github.com/nmarsollier/authgo/internal/rest/server/error_handler.go:23.16,25.3 1 0
github.com/nmarsollier/authgo/internal/rest/server/error_handler.go:27.2,27.42 1 0
github.com/nmarsollier/authgo/internal/rest/server/error_handler.go:27.42,30.3 2 0
github.com/nmarsollier/authgo/internal/rest/server/error_handler.go:32.2,32.102 1 0
github.com/nmarsollier/authgo/internal/rest/server/error_handler.go:32.102,36.3 3 0
github.com/nmarsollier/authgo/internal/rest/server/error_handler.go:38.2,38.33 1 0
github.com/nmarsollier/authgo/internal/rest/server/error_handler.go:39.22,40.21 1 0
github.com/nmarsollier/authgo/internal/rest/server/error_handler.go:41.23,42.19 1 0
github.com/nmarsollier/authgo/internal/rest/server/error_handler.go:43.34,44.34 1 0
github.com/nmarsollier/authgo/internal/rest/server/error_handler.go:45.28,46.35 1 0
github.com/nmarsollier/authgo/internal/rest/server/error_handler.go:46.35,48.4 1 0
github.com/nmarsollier/authgo/internal/rest/server/error_handler.go:48.9,50.4 1 0
github.com/nmarsollier/authgo/internal/rest/server/error_handler.go:51.13,54.5 1 0
github.com/nmarsollier/authgo/internal/rest/server/error_handler.go:55.10,56.29 1 0
github.com/nmarsollier/authgo/internal/rest/server/error_handler.go:60.89,63.37 2 0
github.com/nmarsollier/authgo/internal/rest/server/error_handler.go:63.37,65.3 1 0
github.com/nmarsollier/authgo/internal/rest/server/error_handler.go:67.2,67.18 1 0
github.com/nmarsollier/authgo/internal/rest/server/error_handler.go:70.51,72.2 1 0
github.com/nmarsollier/authgo/internal/rest/server/header_utils.go:12.58,15.65 2 0
github.com/nmarsollier/authgo/internal/rest/server/header_utils.go:15.65,17.3 1 0
github.com/nmarsollier/authgo/internal/rest/server/header_utils.go:19.2,19.30 1 0
github.com/nmarsollier/authgo/internal/rest/server/header_utils.go:23.47,25.2 1 0
github.com/nmarsollier/authgo/internal/rest/server/header_utils.go:27.60,30.16 3 0
github.com/nmarsollier/authgo/internal/rest/server/header_utils.go:30.16,33.3 2 0
github.com/nmarsollier/authgo/internal/rest/server/header_utils.go:35.2,36.16 2 0
github.com/nmarsollier/authgo/internal/rest/server/header_utils.go:36.16,39.3 2 0
github.com/nmarsollier/authgo/internal/rest/server/header_utils.go:41.2,43.21 2 0
