mode: set
github.com/nmarsollier/authgo/internal/engine/di/injector.go:56.48,60.2 1 0
github.com/nmarsollier/authgo/internal/engine/di/injector.go:62.43,63.27 1 0
github.com/nmarsollier/authgo/internal/engine/di/injector.go:63.27,65.3 1 0
github.com/nmarsollier/authgo/internal/engine/di/injector.go:67.2,67.21 1 0
github.com/nmarsollier/authgo/internal/engine/di/injector.go:67.21,69.3 1 0
github.com/nmarsollier/authgo/internal/engine/di/injector.go:71.2,72.16 2 0
github.com/nmarsollier/authgo/internal/engine/di/injector.go:72.16,75.3 2 0
github.com/nmarsollier/authgo/internal/engine/di/injector.go:77.2,77.17 1 0
github.com/nmarsollier/authgo/internal/engine/di/injector.go:80.41,82.2 1 0
github.com/nmarsollier/authgo/internal/engine/di/injector.go:84.50,85.31 1 0
github.com/nmarsollier/authgo/internal/engine/di/injector.go:85.31,87.3 1 0
github.com/nmarsollier/authgo/internal/engine/di/injector.go:89.2,90.27 2 0
github.com/nmarsollier/authgo/internal/engine/di/injector.go:93.56,94.34 1 0
github.com/nmarsollier/authgo/internal/engine/di/injector.go:94.34,96.3 1 0
github.com/nmarsollier/authgo/internal/engine/di/injector.go:98.2,99.16 2 0
github.com/nmarsollier/authgo/internal/engine/di/injector.go:99.16,102.3 2 0
github.com/nmarsollier/authgo/internal/engine/di/injector.go:104.2,105.30 2 0
github.com/nmarsollier/authgo/internal/engine/di/injector.go:108.46,109.29 1 0
github.com/nmarsollier/authgo/internal/engine/di/injector.go:109.29,111.3 1 0
github.com/nmarsollier/authgo/internal/engine/di/injector.go:113.2,113.23 1 0
github.com/nmarsollier/authgo/internal/engine/di/injector.go:113.23,115.3 1 0
github.com/nmarsollier/authgo/internal/engine/di/injector.go:117.2,119.19 2 0
github.com/nmarsollier/authgo/internal/engine/di/injector.go:122.47,123.30 1 0
github.com/nmarsollier/authgo/internal/engine/di/injector.go:123.30,125.3 1 0
github.com/nmarsollier/authgo/internal/engine/di/injector.go:127.2,129.26 2 0
github.com/nmarsollier/authgo/internal/engine/di/injector.go:132.53,133.33 1 0
github.com/nmarsollier/authgo/internal/engine/di/injector.go:133.33,135.3 1 0
github.com/nmarsollier/authgo/internal/engine/di/injector.go:137.2,138.16 2 0
github.com/nmarsollier/authgo/internal/engine/di/injector.go:138.16,141.3 2 0
github.com/nmarsollier/authgo/internal/engine/di/injector.go:143.2,144.29 2 0
github.com/nmarsollier/authgo/internal/engine/di/injector.go:147.55,148.32 1 0
github.com/nmarsollier/authgo/internal/engine/di/injector.go:148.32,150.3 1 0
github.com/nmarsollier/authgo/internal/engine/di/injector.go:152.2,154.28 2 0
github.com/nmarsollier/authgo/internal/engine/di/injector.go:157.55,158.32 1 0
github.com/nmarsollier/authgo/internal/engine/di/injector.go:158.32,160.3 1 0
github.com/nmarsollier/authgo/internal/engine/di/injector.go:162.2,164.28 2 0
github.com/nmarsollier/authgo/internal/engine/di/injector.go:167.73,168.41 1 0
github.com/nmarsollier/authgo/internal/engine/di/injector.go:168.41,170.3 1 0
github.com/nmarsollier/authgo/internal/engine/di/injector.go:172.2,174.37 2 0
github.com/nmarsollier/authgo/internal/engine/di/injector.go:177.61,178.36 1 0
github.com/nmarsollier/authgo/internal/engine/di/injector.go:178.36,180.3 1 0
github.com/nmarsollier/authgo/internal/engine/di/injector.go:182.2,184.32 2 0
github.com/nmarsollier/authgo/internal/engine/di/injector.go:187.48,188.34 1 0
github.com/nmarsollier/authgo/internal/engine/di/injector.go:188.34,190.3 1 0
github.com/nmarsollier/authgo/internal/engine/di/injector.go:192.2,192.28 1 0
github.com/nmarsollier/authgo/internal/engine/di/injector.go:192.28,194.3 1 0
github.com/nmarsollier/authgo/internal/engine/di/injector.go:196.2,197.16 2 0
github.com/nmarsollier/authgo/internal/engine/di/injector.go:197.16,200.3 2 0
github.com/nmarsollier/authgo/internal/engine/di/injector.go:202.2,202.24 1 0
github.com/nmarsollier/authgo/internal/engine/di/injector.go:205.47,206.33 1 0
github.com/nmarsollier/authgo/internal/engine/di/injector.go:206.33,208.3 1 0
github.com/nmarsollier/authgo/internal/engine/di/injector.go:210.2,210.27 1 0
github.com/nmarsollier/authgo/internal/engine/di/injector.go:210.27,212.3 1 0
github.com/nmarsollier/authgo/internal/engine/di/injector.go:214.2,215.16 2 0
github.com/nmarsollier/authgo/internal/engine/di/injector.go:215.16,218.3 2 0
github.com/nmarsollier/authgo/internal/engine/di/injector.go:220.2,220.23 1 0
github.com/nmarsollier/authgo/internal/engine/di/injector.go:223.50,224.32 1 0
github.com/nmarsollier/authgo/internal/engine/di/injector.go:224.32,226.3 1 0
github.com/nmarsollier/authgo/internal/engine/di/injector.go:228.2,230.28 2 0
github.com/nmarsollier/authgo/internal/engine/di/injector.go:234.40,235.47 1 0
github.com/nmarsollier/authgo/internal/engine/di/injector.go:235.47,237.3 1 0
