mode: set
github.com/nmarsollier/authgo/rest/engine/access.go:13.36,15.37 2 0
github.com/nmarsollier/authgo/rest/engine/access.go:15.37,17.3 1 0
github.com/nmarsollier/authgo/rest/engine/access.go:19.2,20.16 2 0
github.com/nmarsollier/authgo/rest/engine/access.go:20.16,24.3 3 0
github.com/nmarsollier/authgo/rest/engine/access.go:26.2,26.66 1 0
github.com/nmarsollier/authgo/rest/engine/access.go:26.66,29.3 2 0
github.com/nmarsollier/authgo/rest/engine/access.go:33.39,35.16 2 0
github.com/nmarsollier/authgo/rest/engine/access.go:35.16,38.3 2 0
github.com/nmarsollier/authgo/rest/engine/access.go:42.47,44.2 1 0
github.com/nmarsollier/authgo/rest/engine/access.go:46.60,48.37 2 0
github.com/nmarsollier/authgo/rest/engine/access.go:48.37,50.3 1 0
github.com/nmarsollier/authgo/rest/engine/access.go:52.2,53.16 2 0
github.com/nmarsollier/authgo/rest/engine/access.go:53.16,55.3 1 0
github.com/nmarsollier/authgo/rest/engine/access.go:57.2,58.16 2 0
github.com/nmarsollier/authgo/rest/engine/access.go:58.16,60.3 1 0
github.com/nmarsollier/authgo/rest/engine/access.go:62.2,64.21 2 0
github.com/nmarsollier/authgo/rest/engine/access.go:68.53,70.48 2 0
github.com/nmarsollier/authgo/rest/engine/access.go:70.48,72.3 1 0
github.com/nmarsollier/authgo/rest/engine/access.go:73.2,73.29 1 0
github.com/nmarsollier/authgo/rest/engine/engine.go:16.51,19.20 3 0
github.com/nmarsollier/authgo/rest/engine/engine.go:19.20,20.35 1 0
github.com/nmarsollier/authgo/rest/engine/engine.go:20.35,23.4 2 0
github.com/nmarsollier/authgo/rest/engine/engine.go:26.2,26.15 1 0
github.com/nmarsollier/authgo/rest/engine/engine.go:29.27,30.19 1 0
github.com/nmarsollier/authgo/rest/engine/engine.go:30.19,48.3 5 0
github.com/nmarsollier/authgo/rest/engine/engine.go:50.2,50.15 1 0
github.com/nmarsollier/authgo/rest/engine/error.go:16.35,19.2 2 0
github.com/nmarsollier/authgo/rest/engine/error.go:21.48,24.2 2 0
github.com/nmarsollier/authgo/rest/engine/error.go:26.42,28.16 2 0
github.com/nmarsollier/authgo/rest/engine/error.go:28.16,30.3 1 0
github.com/nmarsollier/authgo/rest/engine/error.go:33.2,33.13 1 0
github.com/nmarsollier/authgo/rest/engine/error.go:34.70,38.9 3 0
github.com/nmarsollier/authgo/rest/engine/error.go:39.28,41.9 2 0
github.com/nmarsollier/authgo/rest/engine/error.go:45.2,45.33 1 0
github.com/nmarsollier/authgo/rest/engine/error.go:46.25,48.25 1 0
github.com/nmarsollier/authgo/rest/engine/error.go:49.29,51.19 1 0
github.com/nmarsollier/authgo/rest/engine/error.go:52.34,54.34 1 0
github.com/nmarsollier/authgo/rest/engine/error.go:55.28,57.33 1 0
github.com/nmarsollier/authgo/rest/engine/error.go:57.33,59.4 1 0
github.com/nmarsollier/authgo/rest/engine/error.go:59.9,62.4 2 0
github.com/nmarsollier/authgo/rest/engine/error.go:63.13,67.5 1 0
github.com/nmarsollier/authgo/rest/engine/error.go:68.10,70.39 1 0
github.com/nmarsollier/authgo/rest/engine/error.go:74.89,77.37 2 0
github.com/nmarsollier/authgo/rest/engine/error.go:77.37,79.3 1 0
github.com/nmarsollier/authgo/rest/engine/error.go:81.2,81.18 1 0
github.com/nmarsollier/authgo/rest/engine/error.go:84.58,86.2 1 0
