mode: set
github.com/nmarsollier/authgo/internal/engine/db/collection.go:26.31,29.32 2 0
github.com/nmarsollier/authgo/internal/engine/db/collection.go:29.32,37.17 2 0
github.com/nmarsollier/authgo/internal/engine/db/collection.go:37.17,40.4 2 0
github.com/nmarsollier/authgo/internal/engine/db/collection.go:42.2,42.16 1 0
github.com/nmarsollier/authgo/internal/engine/db/collection.go:42.16,45.3 2 0
github.com/nmarsollier/authgo/internal/engine/db/collection.go:47.2,49.8 1 0
github.com/nmarsollier/authgo/internal/engine/db/collection.go:56.97,57.85 1 0
github.com/nmarsollier/authgo/internal/engine/db/collection.go:57.85,59.3 1 0
github.com/nmarsollier/authgo/internal/engine/db/collection.go:60.2,60.12 1 0
github.com/nmarsollier/authgo/internal/engine/db/collection.go:63.110,65.16 2 0
github.com/nmarsollier/authgo/internal/engine/db/collection.go:65.16,67.3 1 0
github.com/nmarsollier/authgo/internal/engine/db/collection.go:68.2,68.35 1 0
github.com/nmarsollier/authgo/internal/engine/db/collection.go:71.128,73.16 2 0
github.com/nmarsollier/authgo/internal/engine/db/collection.go:73.16,75.3 1 0
github.com/nmarsollier/authgo/internal/engine/db/collection.go:76.2,76.38 1 0
github.com/nmarsollier/authgo/internal/engine/db/collection.go:79.97,81.16 2 0
github.com/nmarsollier/authgo/internal/engine/db/collection.go:81.16,83.3 1 0
github.com/nmarsollier/authgo/internal/engine/db/collection.go:84.2,84.31 1 0
github.com/nmarsollier/authgo/internal/engine/db/collection.go:93.45,97.2 1 0
github.com/nmarsollier/authgo/internal/engine/db/collection.go:103.56,105.2 1 0
github.com/nmarsollier/authgo/internal/engine/db/collection.go:107.54,109.2 1 0
github.com/nmarsollier/authgo/internal/engine/db/collection.go:110.53,112.2 1 0
github.com/nmarsollier/authgo/internal/engine/db/database.go:14.28,18.16 3 0
github.com/nmarsollier/authgo/internal/engine/db/database.go:18.16,20.3 1 0
github.com/nmarsollier/authgo/internal/engine/db/database.go:22.2,24.22 2 0
github.com/nmarsollier/authgo/internal/engine/db/errors.go:8.41,9.48 1 0
github.com/nmarsollier/authgo/internal/engine/db/errors.go:9.48,10.46 1 0
github.com/nmarsollier/authgo/internal/engine/db/errors.go:10.46,11.41 1 0
github.com/nmarsollier/authgo/internal/engine/db/errors.go:11.41,13.5 1 0
github.com/nmarsollier/authgo/internal/engine/db/errors.go:16.2,16.14 1 0
