mode: set
github.com/nmarsollier/authgo/internal/graph/tools/auth.go:13.50,15.16 2 0
github.com/nmarsollier/authgo/internal/graph/tools/auth.go:15.16,17.3 1 0
github.com/nmarsollier/authgo/internal/graph/tools/auth.go:18.2,18.12 1 0
github.com/nmarsollier/authgo/internal/graph/tools/auth.go:20.47,22.16 2 0
github.com/nmarsollier/authgo/internal/graph/tools/auth.go:22.16,24.3 1 0
github.com/nmarsollier/authgo/internal/graph/tools/auth.go:26.2,27.53 2 0
github.com/nmarsollier/authgo/internal/graph/tools/auth.go:27.53,30.3 2 0
github.com/nmarsollier/authgo/internal/graph/tools/auth.go:32.2,32.12 1 0
github.com/nmarsollier/authgo/internal/graph/tools/auth.go:36.61,40.16 3 0
github.com/nmarsollier/authgo/internal/graph/tools/auth.go:40.16,42.3 1 0
github.com/nmarsollier/authgo/internal/graph/tools/auth.go:44.2,45.16 2 0
github.com/nmarsollier/authgo/internal/graph/tools/auth.go:45.16,48.3 2 0
github.com/nmarsollier/authgo/internal/graph/tools/auth.go:50.2,50.21 1 0
github.com/nmarsollier/authgo/internal/graph/tools/auth.go:54.55,58.65 3 0
github.com/nmarsollier/authgo/internal/graph/tools/auth.go:58.65,60.3 1 0
github.com/nmarsollier/authgo/internal/graph/tools/auth.go:60.8,62.3 1 0
github.com/nmarsollier/authgo/internal/graph/tools/auth.go:64.2,64.25 1 0
github.com/nmarsollier/authgo/internal/graph/tools/context.go:10.51,13.11 3 0
github.com/nmarsollier/authgo/internal/graph/tools/context.go:13.11,15.3 1 0
github.com/nmarsollier/authgo/internal/graph/tools/context.go:17.2,19.15 3 0
github.com/nmarsollier/authgo/internal/graph/tools/logger.go:12.53,20.2 2 0
github.com/nmarsollier/authgo/internal/graph/tools/logger.go:22.51,26.21 3 0
github.com/nmarsollier/authgo/internal/graph/tools/logger.go:26.21,28.3 1 0
github.com/nmarsollier/authgo/internal/graph/tools/logger.go:30.2,30.14 1 0
