mode: set
github.com/nmarsollier/authgo/internal/graph/resolvers/resolvers.go:12.96,14.16 2 0
github.com/nmarsollier/authgo/internal/graph/resolvers/resolvers.go:14.16,16.3 1 0
github.com/nmarsollier/authgo/internal/graph/resolvers/resolvers.go:18.2,19.102 2 0
github.com/nmarsollier/authgo/internal/graph/resolvers/resolvers.go:19.102,21.3 1 0
github.com/nmarsollier/authgo/internal/graph/resolvers/resolvers.go:23.2,23.18 1 0
github.com/nmarsollier/authgo/internal/graph/resolvers/resolvers.go:26.60,28.16 2 0
github.com/nmarsollier/authgo/internal/graph/resolvers/resolvers.go:28.16,30.3 1 0
github.com/nmarsollier/authgo/internal/graph/resolvers/resolvers.go:32.2,34.16 3 0
github.com/nmarsollier/authgo/internal/graph/resolvers/resolvers.go:34.16,36.3 1 0
github.com/nmarsollier/authgo/internal/graph/resolvers/resolvers.go:38.2,38.26 1 0
github.com/nmarsollier/authgo/internal/graph/resolvers/resolvers.go:41.64,42.49 1 0
github.com/nmarsollier/authgo/internal/graph/resolvers/resolvers.go:42.49,44.3 1 0
github.com/nmarsollier/authgo/internal/graph/resolvers/resolvers.go:46.2,48.57 2 0
github.com/nmarsollier/authgo/internal/graph/resolvers/resolvers.go:48.57,50.3 1 0
github.com/nmarsollier/authgo/internal/graph/resolvers/resolvers.go:52.2,52.18 1 0
github.com/nmarsollier/authgo/internal/graph/resolvers/resolvers.go:55.63,56.49 1 0
github.com/nmarsollier/authgo/internal/graph/resolvers/resolvers.go:56.49,58.3 1 0
github.com/nmarsollier/authgo/internal/graph/resolvers/resolvers.go:60.2,62.56 2 0
github.com/nmarsollier/authgo/internal/graph/resolvers/resolvers.go:62.56,64.3 1 0
github.com/nmarsollier/authgo/internal/graph/resolvers/resolvers.go:66.2,66.18 1 0
github.com/nmarsollier/authgo/internal/graph/resolvers/resolvers.go:69.63,70.49 1 0
github.com/nmarsollier/authgo/internal/graph/resolvers/resolvers.go:70.49,72.3 1 0
github.com/nmarsollier/authgo/internal/graph/resolvers/resolvers.go:74.2,77.16 3 0
github.com/nmarsollier/authgo/internal/graph/resolvers/resolvers.go:77.16,79.3 1 0
github.com/nmarsollier/authgo/internal/graph/resolvers/resolvers.go:81.2,82.23 2 0
github.com/nmarsollier/authgo/internal/graph/resolvers/resolvers.go:82.23,84.3 1 0
github.com/nmarsollier/authgo/internal/graph/resolvers/resolvers.go:86.2,86.20 1 0
github.com/nmarsollier/authgo/internal/graph/resolvers/resolvers.go:89.72,92.16 3 0
github.com/nmarsollier/authgo/internal/graph/resolvers/resolvers.go:92.16,94.3 1 0
github.com/nmarsollier/authgo/internal/graph/resolvers/resolvers.go:96.2,96.26 1 0
github.com/nmarsollier/authgo/internal/graph/resolvers/resolvers.go:99.84,100.49 1 0
github.com/nmarsollier/authgo/internal/graph/resolvers/resolvers.go:100.49,102.3 1 0
github.com/nmarsollier/authgo/internal/graph/resolvers/resolvers.go:104.2,106.68 2 0
github.com/nmarsollier/authgo/internal/graph/resolvers/resolvers.go:106.68,108.3 1 0
github.com/nmarsollier/authgo/internal/graph/resolvers/resolvers.go:110.2,110.18 1 0
github.com/nmarsollier/authgo/internal/graph/resolvers/resolvers.go:112.85,113.49 1 0
github.com/nmarsollier/authgo/internal/graph/resolvers/resolvers.go:113.49,115.3 1 0
github.com/nmarsollier/authgo/internal/graph/resolvers/resolvers.go:117.2,119.69 2 0
github.com/nmarsollier/authgo/internal/graph/resolvers/resolvers.go:119.69,121.3 1 0
github.com/nmarsollier/authgo/internal/graph/resolvers/resolvers.go:123.2,123.18 1 0
github.com/nmarsollier/authgo/internal/graph/resolvers/resolvers.go:127.87,131.16 3 0
github.com/nmarsollier/authgo/internal/graph/resolvers/resolvers.go:131.16,133.3 1 0
github.com/nmarsollier/authgo/internal/graph/resolvers/resolvers.go:135.2,137.8 1 0
github.com/nmarsollier/authgo/internal/graph/resolvers/resolvers.go:140.49,142.16 2 0
github.com/nmarsollier/authgo/internal/graph/resolvers/resolvers.go:142.16,144.3 1 0
github.com/nmarsollier/authgo/internal/graph/resolvers/resolvers.go:146.2,148.82 2 0
github.com/nmarsollier/authgo/internal/graph/resolvers/resolvers.go:148.82,150.3 1 0
github.com/nmarsollier/authgo/internal/graph/resolvers/resolvers.go:152.2,152.18 1 0
github.com/nmarsollier/authgo/internal/graph/resolvers/resolvers.go:155.100,162.16 3 0
github.com/nmarsollier/authgo/internal/graph/resolvers/resolvers.go:162.16,164.3 1 0
github.com/nmarsollier/authgo/internal/graph/resolvers/resolvers.go:165.2,167.8 1 0
github.com/nmarsollier/authgo/internal/graph/resolvers/resolvers.go:170.55,178.2 1 0
