mode: set
github.com/nmarsollier/authgo/internal/user/dto.go:11.29,11.30 0 0
github.com/nmarsollier/authgo/internal/user/dto.go:13.40,21.2 1 0
github.com/nmarsollier/authgo/internal/user/repository.go:25.27,30.2 1 0
github.com/nmarsollier/authgo/internal/user/repository.go:37.60,38.46 1 0
github.com/nmarsollier/authgo/internal/user/repository.go:38.46,41.3 2 0
github.com/nmarsollier/authgo/internal/user/repository.go:43.2,43.78 1 0
github.com/nmarsollier/authgo/internal/user/repository.go:43.78,46.3 2 0
github.com/nmarsollier/authgo/internal/user/repository.go:48.2,48.18 1 0
github.com/nmarsollier/authgo/internal/user/repository.go:51.60,52.46 1 0
github.com/nmarsollier/authgo/internal/user/repository.go:52.46,55.3 2 0
github.com/nmarsollier/authgo/internal/user/repository.go:57.2,72.16 3 0
github.com/nmarsollier/authgo/internal/user/repository.go:72.16,75.3 2 0
github.com/nmarsollier/authgo/internal/user/repository.go:77.2,77.18 1 0
github.com/nmarsollier/authgo/internal/user/repository.go:92.53,95.16 3 0
github.com/nmarsollier/authgo/internal/user/repository.go:95.16,98.3 2 0
github.com/nmarsollier/authgo/internal/user/repository.go:99.2,102.37 3 0
github.com/nmarsollier/authgo/internal/user/repository.go:102.37,104.42 2 0
github.com/nmarsollier/authgo/internal/user/repository.go:104.42,106.4 1 0
github.com/nmarsollier/authgo/internal/user/repository.go:107.3,107.30 1 0
github.com/nmarsollier/authgo/internal/user/repository.go:110.2,110.19 1 0
github.com/nmarsollier/authgo/internal/user/repository.go:113.65,115.16 2 0
github.com/nmarsollier/authgo/internal/user/repository.go:115.16,118.3 2 0
github.com/nmarsollier/authgo/internal/user/repository.go:120.2,122.80 3 0
github.com/nmarsollier/authgo/internal/user/repository.go:122.80,125.3 2 0
github.com/nmarsollier/authgo/internal/user/repository.go:127.2,127.18 1 0
github.com/nmarsollier/authgo/internal/user/repository.go:134.67,138.16 4 0
github.com/nmarsollier/authgo/internal/user/repository.go:138.16,140.34 2 0
github.com/nmarsollier/authgo/internal/user/repository.go:140.34,142.4 1 0
github.com/nmarsollier/authgo/internal/user/repository.go:143.3,143.18 1 0
github.com/nmarsollier/authgo/internal/user/repository.go:146.2,146.18 1 0
github.com/nmarsollier/authgo/internal/user/schema.go:24.22,32.2 1 0
github.com/nmarsollier/authgo/internal/user/schema.go:35.50,37.16 2 0
github.com/nmarsollier/authgo/internal/user/schema.go:37.16,39.3 1 0
github.com/nmarsollier/authgo/internal/user/schema.go:41.2,42.12 2 0
github.com/nmarsollier/authgo/internal/user/schema.go:46.56,47.92 1 0
github.com/nmarsollier/authgo/internal/user/schema.go:47.92,49.3 1 0
github.com/nmarsollier/authgo/internal/user/schema.go:50.2,50.12 1 0
github.com/nmarsollier/authgo/internal/user/schema.go:54.48,55.34 1 0
github.com/nmarsollier/authgo/internal/user/schema.go:55.34,56.22 1 0
github.com/nmarsollier/authgo/internal/user/schema.go:56.22,58.4 1 0
github.com/nmarsollier/authgo/internal/user/schema.go:60.2,60.14 1 0
github.com/nmarsollier/authgo/internal/user/schema.go:64.41,65.28 1 0
github.com/nmarsollier/authgo/internal/user/schema.go:65.28,67.3 1 0
github.com/nmarsollier/authgo/internal/user/schema.go:71.42,72.27 1 0
github.com/nmarsollier/authgo/internal/user/schema.go:72.27,74.35 2 0
github.com/nmarsollier/authgo/internal/user/schema.go:74.35,75.23 1 0
github.com/nmarsollier/authgo/internal/user/schema.go:75.23,77.5 1 0
github.com/nmarsollier/authgo/internal/user/schema.go:79.3,79.33 1 0
github.com/nmarsollier/authgo/internal/user/schema.go:84.39,86.2 1 0
github.com/nmarsollier/authgo/internal/user/schema.go:88.50,90.16 2 0
github.com/nmarsollier/authgo/internal/user/schema.go:90.16,92.3 1 0
github.com/nmarsollier/authgo/internal/user/schema.go:94.2,94.26 1 0
github.com/nmarsollier/authgo/internal/user/service.go:20.64,24.2 1 0
github.com/nmarsollier/authgo/internal/user/service.go:30.95,32.16 2 0
github.com/nmarsollier/authgo/internal/user/service.go:32.16,34.3 1 0
github.com/nmarsollier/authgo/internal/user/service.go:36.2,36.54 1 0
github.com/nmarsollier/authgo/internal/user/service.go:36.54,38.3 1 0
github.com/nmarsollier/authgo/internal/user/service.go:40.2,40.57 1 0
github.com/nmarsollier/authgo/internal/user/service.go:40.57,42.3 1 0
github.com/nmarsollier/authgo/internal/user/service.go:44.2,46.12 2 0
github.com/nmarsollier/authgo/internal/user/service.go:49.52,51.16 2 0
github.com/nmarsollier/authgo/internal/user/service.go:51.16,53.3 1 0
github.com/nmarsollier/authgo/internal/user/service.go:55.2,59.12 3 0
github.com/nmarsollier/authgo/internal/user/service.go:62.69,65.16 2 0
github.com/nmarsollier/authgo/internal/user/service.go:65.16,67.3 1 0
github.com/nmarsollier/authgo/internal/user/service.go:69.2,69.39 1 0
github.com/nmarsollier/authgo/internal/user/service.go:69.39,71.3 1 0
github.com/nmarsollier/authgo/internal/user/service.go:73.2,73.8 1 0
github.com/nmarsollier/authgo/internal/user/service.go:76.90,83.16 6 0
github.com/nmarsollier/authgo/internal/user/service.go:83.16,85.3 1 0
github.com/nmarsollier/authgo/internal/user/service.go:87.2,87.33 1 0
github.com/nmarsollier/authgo/internal/user/service.go:90.61,92.16 2 0
github.com/nmarsollier/authgo/internal/user/service.go:92.16,94.3 1 0
github.com/nmarsollier/authgo/internal/user/service.go:96.2,96.19 1 0
github.com/nmarsollier/authgo/internal/user/service.go:96.19,98.3 1 0
github.com/nmarsollier/authgo/internal/user/service.go:100.2,100.31 1 0
github.com/nmarsollier/authgo/internal/user/service.go:103.72,105.16 2 0
github.com/nmarsollier/authgo/internal/user/service.go:105.16,107.3 1 0
github.com/nmarsollier/authgo/internal/user/service.go:109.2,109.36 1 0
github.com/nmarsollier/authgo/internal/user/service.go:109.36,111.3 1 0
github.com/nmarsollier/authgo/internal/user/service.go:112.2,114.12 2 0
github.com/nmarsollier/authgo/internal/user/service.go:117.70,119.16 2 0
github.com/nmarsollier/authgo/internal/user/service.go:119.16,121.3 1 0
github.com/nmarsollier/authgo/internal/user/service.go:123.2,123.32 1 0
github.com/nmarsollier/authgo/internal/user/service.go:126.73,128.16 2 0
github.com/nmarsollier/authgo/internal/user/service.go:128.16,130.3 1 0
github.com/nmarsollier/authgo/internal/user/service.go:132.2,132.36 1 0
github.com/nmarsollier/authgo/internal/user/service.go:132.36,134.3 1 0
github.com/nmarsollier/authgo/internal/user/service.go:135.2,137.12 2 0
github.com/nmarsollier/authgo/internal/user/service.go:140.80,142.16 2 0
github.com/nmarsollier/authgo/internal/user/service.go:142.16,144.3 1 0
github.com/nmarsollier/authgo/internal/user/service.go:146.2,146.19 1 0
github.com/nmarsollier/authgo/internal/user/service.go:146.19,148.3 1 0
github.com/nmarsollier/authgo/internal/user/service.go:150.2,150.55 1 0
github.com/nmarsollier/authgo/internal/user/service.go:150.55,152.3 1 0
github.com/nmarsollier/authgo/internal/user/service.go:154.2,154.31 1 0
github.com/nmarsollier/authgo/internal/user/service.go:157.51,159.16 2 0
github.com/nmarsollier/authgo/internal/user/service.go:159.16,161.3 1 0
github.com/nmarsollier/authgo/internal/user/service.go:163.2,166.12 3 0
github.com/nmarsollier/authgo/internal/user/service.go:169.66,171.16 2 0
github.com/nmarsollier/authgo/internal/user/service.go:171.16,173.3 1 0
github.com/nmarsollier/authgo/internal/user/service.go:175.2,175.19 1 0
github.com/nmarsollier/authgo/internal/user/service.go:175.19,177.3 1 0
github.com/nmarsollier/authgo/internal/user/service.go:179.2,179.31 1 0
